{"uid":"d5c0d3b25d3379d6","name":"test_full_cluster_restart[SIGKILL-postgres]","fullName":"tests.integration.ha_tests.test_self_healing#test_full_cluster_restart","historyId":"2702afd99304f2d258e13b03718c72a0","time":{"start":1713151608115,"stop":1713151608115,"duration":0},"description":"This tests checks that a cluster recovers from a full cluster restart.\n\n    The test can be called a full cluster crash when the signal sent to the OS process\n    is SIGKILL.\n    ","descriptionHtml":"<p>This tests checks that a cluster recovers from a full cluster restart.</p>\n<pre><code>The test can be called a full cluster crash when the signal sent to the OS process\nis SIGKILL.\n</code></pre>\n","status":"broken","statusMessage":"tenacity.RetryError: RetryError[<Future at 0x7fee53ced450 state=finished raised RetryError>]","statusTrace":"Traceback (most recent call last):\n  File \"/home/runner/work/test-runners-github-postgresql-operator/test-runners-github-postgresql-operator/tests/integration/ha_tests/helpers.py\", line 546, in get_primary\n    assert action.results[\"primary\"] is not None and action.results[\"primary\"] != \"None\"\nAssertionError\n\nThe above exception was the direct cause of the following exception:\n\nTraceback (most recent call last):\n  File \"/home/runner/work/test-runners-github-postgresql-operator/test-runners-github-postgresql-operator/tests/integration/ha_tests/helpers.py\", line 364, in get_patroni_setting\n    primary_name = await get_primary(ops_test, app)\n  File \"/home/runner/work/test-runners-github-postgresql-operator/test-runners-github-postgresql-operator/tests/integration/ha_tests/helpers.py\", line 541, in get_primary\n    for attempt in Retrying(stop=stop_after_delay(60 * 3), wait=wait_fixed(3)):\n  File \"/home/runner/work/test-runners-github-postgresql-operator/test-runners-github-postgresql-operator/.tox/integration/lib/python3.10/site-packages/tenacity/__init__.py\", line 347, in __iter__\n    do = self.iter(retry_state=retry_state)\n  File \"/home/runner/work/test-runners-github-postgresql-operator/test-runners-github-postgresql-operator/.tox/integration/lib/python3.10/site-packages/tenacity/__init__.py\", line 326, in iter\n    raise retry_exc from fut.exception()\ntenacity.RetryError: RetryError[<Future at 0x7fee53a06770 state=finished raised AssertionError>]\n\nThe above exception was the direct cause of the following exception:\n\nTraceback (most recent call last):\n  File \"/home/runner/work/test-runners-github-postgresql-operator/test-runners-github-postgresql-operator/.tox/integration/lib/python3.10/site-packages/_pytest/runner.py\", line 340, in from_call\n    result: Optional[TResult] = func()\n  File \"/home/runner/work/test-runners-github-postgresql-operator/test-runners-github-postgresql-operator/.tox/integration/lib/python3.10/site-packages/_pytest/runner.py\", line 240, in <lambda>\n    lambda: runtest_hook(item=item, **kwds), when=when, reraise=reraise\n  File \"/home/runner/work/test-runners-github-postgresql-operator/test-runners-github-postgresql-operator/.tox/integration/lib/python3.10/site-packages/pluggy/_hooks.py\", line 501, in __call__\n    return self._hookexec(self.name, self._hookimpls.copy(), kwargs, firstresult)\n  File \"/home/runner/work/test-runners-github-postgresql-operator/test-runners-github-postgresql-operator/.tox/integration/lib/python3.10/site-packages/pluggy/_manager.py\", line 119, in _hookexec\n    return self._inner_hookexec(hook_name, methods, kwargs, firstresult)\n  File \"/home/runner/work/test-runners-github-postgresql-operator/test-runners-github-postgresql-operator/.tox/integration/lib/python3.10/site-packages/pluggy/_callers.py\", line 181, in _multicall\n    return outcome.get_result()\n  File \"/home/runner/work/test-runners-github-postgresql-operator/test-runners-github-postgresql-operator/.tox/integration/lib/python3.10/site-packages/pluggy/_result.py\", line 99, in get_result\n    raise exc.with_traceback(exc.__traceback__)\n  File \"/home/runner/work/test-runners-github-postgresql-operator/test-runners-github-postgresql-operator/.tox/integration/lib/python3.10/site-packages/pluggy/_callers.py\", line 166, in _multicall\n    teardown.throw(outcome._exception)\n  File \"/home/runner/work/test-runners-github-postgresql-operator/test-runners-github-postgresql-operator/.tox/integration/lib/python3.10/site-packages/_pytest/unraisableexception.py\", line 85, in pytest_runtest_setup\n    yield from unraisable_exception_runtest_hook()\n  File \"/home/runner/work/test-runners-github-postgresql-operator/test-runners-github-postgresql-operator/.tox/integration/lib/python3.10/site-packages/_pytest/unraisableexception.py\", line 65, in unraisable_exception_runtest_hook\n    yield\n  File \"/home/runner/work/test-runners-github-postgresql-operator/test-runners-github-postgresql-operator/.tox/integration/lib/python3.10/site-packages/pluggy/_callers.py\", line 166, in _multicall\n    teardown.throw(outcome._exception)\n  File \"/home/runner/work/test-runners-github-postgresql-operator/test-runners-github-postgresql-operator/.tox/integration/lib/python3.10/site-packages/_pytest/logging.py\", line 843, in pytest_runtest_setup\n    yield from self._runtest_for(item, \"setup\")\n  File \"/home/runner/work/test-runners-github-postgresql-operator/test-runners-github-postgresql-operator/.tox/integration/lib/python3.10/site-packages/_pytest/logging.py\", line 832, in _runtest_for\n    yield\n  File \"/home/runner/work/test-runners-github-postgresql-operator/test-runners-github-postgresql-operator/.tox/integration/lib/python3.10/site-packages/pluggy/_callers.py\", line 166, in _multicall\n    teardown.throw(outcome._exception)\n  File \"/home/runner/work/test-runners-github-postgresql-operator/test-runners-github-postgresql-operator/.tox/integration/lib/python3.10/site-packages/_pytest/capture.py\", line 878, in pytest_runtest_setup\n    return (yield)\n  File \"/home/runner/work/test-runners-github-postgresql-operator/test-runners-github-postgresql-operator/.tox/integration/lib/python3.10/site-packages/pluggy/_callers.py\", line 166, in _multicall\n    teardown.throw(outcome._exception)\n  File \"/home/runner/work/test-runners-github-postgresql-operator/test-runners-github-postgresql-operator/.tox/integration/lib/python3.10/site-packages/_pytest/threadexception.py\", line 82, in pytest_runtest_setup\n    yield from thread_exception_runtest_hook()\n  File \"/home/runner/work/test-runners-github-postgresql-operator/test-runners-github-postgresql-operator/.tox/integration/lib/python3.10/site-packages/_pytest/threadexception.py\", line 63, in thread_exception_runtest_hook\n    yield\n  File \"/home/runner/work/test-runners-github-postgresql-operator/test-runners-github-postgresql-operator/.tox/integration/lib/python3.10/site-packages/pluggy/_callers.py\", line 102, in _multicall\n    res = hook_impl.function(*args)\n  File \"/home/runner/work/test-runners-github-postgresql-operator/test-runners-github-postgresql-operator/.tox/integration/lib/python3.10/site-packages/_pytest/runner.py\", line 158, in pytest_runtest_setup\n    item.session._setupstate.setup(item)\n  File \"/home/runner/work/test-runners-github-postgresql-operator/test-runners-github-postgresql-operator/.tox/integration/lib/python3.10/site-packages/_pytest/runner.py\", line 515, in setup\n    raise exc\n  File \"/home/runner/work/test-runners-github-postgresql-operator/test-runners-github-postgresql-operator/.tox/integration/lib/python3.10/site-packages/_pytest/runner.py\", line 512, in setup\n    col.setup()\n  File \"/home/runner/work/test-runners-github-postgresql-operator/test-runners-github-postgresql-operator/.tox/integration/lib/python3.10/site-packages/_pytest/python.py\", line 1775, in setup\n    self._request._fillfixtures()\n  File \"/home/runner/work/test-runners-github-postgresql-operator/test-runners-github-postgresql-operator/.tox/integration/lib/python3.10/site-packages/_pytest/fixtures.py\", line 687, in _fillfixtures\n    item.funcargs[argname] = self.getfixturevalue(argname)\n  File \"/home/runner/work/test-runners-github-postgresql-operator/test-runners-github-postgresql-operator/.tox/integration/lib/python3.10/site-packages/_pytest/fixtures.py\", line 541, in getfixturevalue\n    fixturedef = self._get_active_fixturedef(argname)\n  File \"/home/runner/work/test-runners-github-postgresql-operator/test-runners-github-postgresql-operator/.tox/integration/lib/python3.10/site-packages/_pytest/fixtures.py\", line 570, in _get_active_fixturedef\n    self._compute_fixture_value(fixturedef)\n  File \"/home/runner/work/test-runners-github-postgresql-operator/test-runners-github-postgresql-operator/.tox/integration/lib/python3.10/site-packages/_pytest/fixtures.py\", line 647, in _compute_fixture_value\n    fixturedef.execute(request=subrequest)\n  File \"/home/runner/work/test-runners-github-postgresql-operator/test-runners-github-postgresql-operator/.tox/integration/lib/python3.10/site-packages/_pytest/fixtures.py\", line 1079, in execute\n    result = ihook.pytest_fixture_setup(fixturedef=self, request=request)\n  File \"/home/runner/work/test-runners-github-postgresql-operator/test-runners-github-postgresql-operator/.tox/integration/lib/python3.10/site-packages/pluggy/_hooks.py\", line 501, in __call__\n    return self._hookexec(self.name, self._hookimpls.copy(), kwargs, firstresult)\n  File \"/home/runner/work/test-runners-github-postgresql-operator/test-runners-github-postgresql-operator/.tox/integration/lib/python3.10/site-packages/pluggy/_manager.py\", line 119, in _hookexec\n    return self._inner_hookexec(hook_name, methods, kwargs, firstresult)\n  File \"/home/runner/work/test-runners-github-postgresql-operator/test-runners-github-postgresql-operator/.tox/integration/lib/python3.10/site-packages/pluggy/_callers.py\", line 181, in _multicall\n    return outcome.get_result()\n  File \"/home/runner/work/test-runners-github-postgresql-operator/test-runners-github-postgresql-operator/.tox/integration/lib/python3.10/site-packages/pluggy/_result.py\", line 99, in get_result\n    raise exc.with_traceback(exc.__traceback__)\n  File \"/home/runner/work/test-runners-github-postgresql-operator/test-runners-github-postgresql-operator/.tox/integration/lib/python3.10/site-packages/pluggy/_callers.py\", line 166, in _multicall\n    teardown.throw(outcome._exception)\n  File \"/home/runner/work/test-runners-github-postgresql-operator/test-runners-github-postgresql-operator/.tox/integration/lib/python3.10/site-packages/_pytest/setuponly.py\", line 36, in pytest_fixture_setup\n    return (yield)\n  File \"/home/runner/work/test-runners-github-postgresql-operator/test-runners-github-postgresql-operator/.tox/integration/lib/python3.10/site-packages/pluggy/_callers.py\", line 102, in _multicall\n    res = hook_impl.function(*args)\n  File \"/home/runner/work/test-runners-github-postgresql-operator/test-runners-github-postgresql-operator/.tox/integration/lib/python3.10/site-packages/_pytest/fixtures.py\", line 1132, in pytest_fixture_setup\n    result = call_fixture_func(fixturefunc, request, kwargs)\n  File \"/home/runner/work/test-runners-github-postgresql-operator/test-runners-github-postgresql-operator/.tox/integration/lib/python3.10/site-packages/_pytest/fixtures.py\", line 913, in call_fixture_func\n    fixture_result = fixturefunc(**kwargs)\n  File \"/home/runner/work/test-runners-github-postgresql-operator/test-runners-github-postgresql-operator/.tox/integration/lib/python3.10/site-packages/pytest_asyncio/plugin.py\", line 304, in _asyncgen_fixture_wrapper\n    result = event_loop.run_until_complete(setup())\n  File \"/usr/lib/python3.10/asyncio/base_events.py\", line 649, in run_until_complete\n    return future.result()\n  File \"/home/runner/work/test-runners-github-postgresql-operator/test-runners-github-postgresql-operator/.tox/integration/lib/python3.10/site-packages/pytest_asyncio/plugin.py\", line 286, in setup\n    res = await gen_obj.__anext__()\n  File \"/home/runner/work/test-runners-github-postgresql-operator/test-runners-github-postgresql-operator/tests/integration/ha_tests/conftest.py\", line 44, in loop_wait\n    initial_loop_wait = await get_patroni_setting(ops_test, \"loop_wait\")\n  File \"/home/runner/work/test-runners-github-postgresql-operator/test-runners-github-postgresql-operator/tests/integration/ha_tests/helpers.py\", line 361, in get_patroni_setting\n    for attempt in Retrying(stop=stop_after_delay(30 * 2), wait=wait_fixed(3)):\n  File \"/home/runner/work/test-runners-github-postgresql-operator/test-runners-github-postgresql-operator/.tox/integration/lib/python3.10/site-packages/tenacity/__init__.py\", line 347, in __iter__\n    do = self.iter(retry_state=retry_state)\n  File \"/home/runner/work/test-runners-github-postgresql-operator/test-runners-github-postgresql-operator/.tox/integration/lib/python3.10/site-packages/tenacity/__init__.py\", line 326, in iter\n    raise retry_exc from fut.exception()\ntenacity.RetryError: RetryError[<Future at 0x7fee53ced450 state=finished raised RetryError>]","flaky":false,"newFailed":false,"newBroken":true,"newPassed":false,"retriesCount":0,"retriesStatusChange":false,"beforeStages":[{"name":"tmp_path_factory","time":{"start":1713149700587,"stop":1713149700587,"duration":0},"status":"passed","steps":[],"attachments":[],"parameters":[],"stepsCount":0,"shouldDisplayMessage":false,"attachmentsCount":0,"hasContent":false,"attachmentStep":false},{"name":"ops_test","time":{"start":1713149700587,"stop":1713149700720,"duration":133},"status":"passed","steps":[],"attachments":[],"parameters":[],"stepsCount":0,"shouldDisplayMessage":false,"attachmentsCount":0,"hasContent":false,"attachmentStep":false},{"name":"event_loop","time":{"start":1713149700587,"stop":1713149700587,"duration":0},"status":"passed","steps":[],"attachments":[],"parameters":[],"stepsCount":0,"shouldDisplayMessage":false,"attachmentsCount":0,"hasContent":false,"attachmentStep":false},{"name":"abort_on_fail","time":{"start":1713151608115,"stop":1713151608116,"duration":1},"status":"passed","steps":[],"attachments":[],"parameters":[],"stepsCount":0,"shouldDisplayMessage":false,"attachmentsCount":0,"hasContent":false,"attachmentStep":false},{"name":"continuous_writes","time":{"start":1713151608116,"stop":1713151608116,"duration":0},"status":"passed","steps":[],"attachments":[],"parameters":[],"stepsCount":0,"shouldDisplayMessage":false,"attachmentsCount":0,"hasContent":false,"attachmentStep":false},{"name":"reset_restart_condition","time":{"start":1713151608116,"stop":1713151615109,"duration":6993},"status":"passed","steps":[],"attachments":[],"parameters":[],"stepsCount":0,"shouldDisplayMessage":false,"attachmentsCount":0,"hasContent":false,"attachmentStep":false},{"name":"loop_wait","time":{"start":1713151615109,"stop":1713151797245,"duration":182136},"status":"broken","statusMessage":"tenacity.RetryError: RetryError[<Future at 0x7fee53ced450 state=finished raised RetryError>]\n","statusTrace":"  File \"/home/runner/work/test-runners-github-postgresql-operator/test-runners-github-postgresql-operator/.tox/integration/lib/python3.10/site-packages/pluggy/_callers.py\", line 166, in _multicall\n    teardown.throw(outcome._exception)\n  File \"/home/runner/work/test-runners-github-postgresql-operator/test-runners-github-postgresql-operator/.tox/integration/lib/python3.10/site-packages/_pytest/setuponly.py\", line 36, in pytest_fixture_setup\n    return (yield)\n  File \"/home/runner/work/test-runners-github-postgresql-operator/test-runners-github-postgresql-operator/.tox/integration/lib/python3.10/site-packages/pluggy/_callers.py\", line 102, in _multicall\n    res = hook_impl.function(*args)\n  File \"/home/runner/work/test-runners-github-postgresql-operator/test-runners-github-postgresql-operator/.tox/integration/lib/python3.10/site-packages/_pytest/fixtures.py\", line 1132, in pytest_fixture_setup\n    result = call_fixture_func(fixturefunc, request, kwargs)\n  File \"/home/runner/work/test-runners-github-postgresql-operator/test-runners-github-postgresql-operator/.tox/integration/lib/python3.10/site-packages/_pytest/fixtures.py\", line 913, in call_fixture_func\n    fixture_result = fixturefunc(**kwargs)\n  File \"/home/runner/work/test-runners-github-postgresql-operator/test-runners-github-postgresql-operator/.tox/integration/lib/python3.10/site-packages/pytest_asyncio/plugin.py\", line 304, in _asyncgen_fixture_wrapper\n    result = event_loop.run_until_complete(setup())\n  File \"/usr/lib/python3.10/asyncio/base_events.py\", line 649, in run_until_complete\n    return future.result()\n  File \"/home/runner/work/test-runners-github-postgresql-operator/test-runners-github-postgresql-operator/.tox/integration/lib/python3.10/site-packages/pytest_asyncio/plugin.py\", line 286, in setup\n    res = await gen_obj.__anext__()\n  File \"/home/runner/work/test-runners-github-postgresql-operator/test-runners-github-postgresql-operator/tests/integration/ha_tests/conftest.py\", line 44, in loop_wait\n    initial_loop_wait = await get_patroni_setting(ops_test, \"loop_wait\")\n  File \"/home/runner/work/test-runners-github-postgresql-operator/test-runners-github-postgresql-operator/tests/integration/ha_tests/helpers.py\", line 361, in get_patroni_setting\n    for attempt in Retrying(stop=stop_after_delay(30 * 2), wait=wait_fixed(3)):\n  File \"/home/runner/work/test-runners-github-postgresql-operator/test-runners-github-postgresql-operator/.tox/integration/lib/python3.10/site-packages/tenacity/__init__.py\", line 347, in __iter__\n    do = self.iter(retry_state=retry_state)\n  File \"/home/runner/work/test-runners-github-postgresql-operator/test-runners-github-postgresql-operator/.tox/integration/lib/python3.10/site-packages/tenacity/__init__.py\", line 326, in iter\n    raise retry_exc from fut.exception()\n","steps":[],"attachments":[],"parameters":[],"stepsCount":0,"shouldDisplayMessage":true,"attachmentsCount":0,"hasContent":true,"attachmentStep":false}],"afterStages":[{"name":"reset_restart_condition::finalizer","time":{"start":1713151797253,"stop":1713151804862,"duration":7609},"status":"passed","steps":[],"attachments":[],"parameters":[],"stepsCount":0,"shouldDisplayMessage":false,"attachmentsCount":0,"hasContent":false,"attachmentStep":false},{"name":"continuous_writes::finalizer","time":{"start":1713151804863,"stop":1713151805883,"duration":1020},"status":"passed","steps":[],"attachments":[],"parameters":[],"stepsCount":0,"shouldDisplayMessage":false,"attachmentsCount":0,"hasContent":false,"attachmentStep":false},{"name":"abort_on_fail::0","time":{"start":1713151805884,"stop":1713151805884,"duration":0},"status":"passed","steps":[],"attachments":[],"parameters":[],"stepsCount":0,"shouldDisplayMessage":false,"attachmentsCount":0,"hasContent":false,"attachmentStep":false},{"name":"ops_test::finalizer","time":{"start":1713152553313,"stop":1713152553726,"duration":413},"status":"passed","steps":[],"attachments":[],"parameters":[],"stepsCount":0,"shouldDisplayMessage":false,"attachmentsCount":0,"hasContent":false,"attachmentStep":false},{"name":"event_loop::2","time":{"start":1713152553727,"stop":1713152553727,"duration":0},"status":"passed","steps":[],"attachments":[],"parameters":[],"stepsCount":0,"shouldDisplayMessage":false,"attachmentsCount":0,"hasContent":false,"attachmentStep":false},{"name":"event_loop::_close_event_loop","time":{"start":1713152553727,"stop":1713152553727,"duration":0},"status":"passed","steps":[],"attachments":[],"parameters":[],"stepsCount":0,"shouldDisplayMessage":false,"attachmentsCount":0,"hasContent":false,"attachmentStep":false},{"name":"event_loop::_provide_clean_event_loop","time":{"start":1713152553728,"stop":1713152553728,"duration":0},"status":"passed","steps":[],"attachments":[],"parameters":[],"stepsCount":0,"shouldDisplayMessage":false,"attachmentsCount":0,"hasContent":false,"attachmentStep":false}],"labels":[{"name":"tag","value":"group(1)"},{"name":"tag","value":"asyncio"},{"name":"parentSuite","value":"tests.integration.ha_tests"},{"name":"suite","value":"test_self_healing"},{"name":"host","value":"fv-az1242-903"},{"name":"thread","value":"8445-MainThread"},{"name":"framework","value":"pytest"},{"name":"language","value":"cpython3"},{"name":"package","value":"tests.integration.ha_tests.test_self_healing"},{"name":"resultFormat","value":"allure2"}],"parameters":[{"name":"process","value":"'postgres'"},{"name":"signal","value":"'SIGKILL'"}],"links":[],"hidden":false,"retry":false,"extra":{"severity":"normal","retries":[],"categories":[{"name":"Test defects","matchedStatuses":[],"flaky":false}],"history":{"statistic":{"failed":2,"broken":1,"skipped":0,"passed":0,"unknown":0,"total":3},"items":[{"uid":"e0de94cfc57361e","reportUrl":"../4//#testresult/e0de94cfc57361e","status":"failed","statusDetails":"AssertionError: Not all units down at the same time.\nassert False","time":{"start":1712973450986,"stop":1712973519150,"duration":68164}},{"uid":"e25febc36461105e","reportUrl":"../2//#testresult/e25febc36461105e","status":"failed","statusDetails":"AssertionError: Not all units down at the same time.\nassert False","time":{"start":1712887721727,"stop":1712887790058,"duration":68331}}]},"tags":["asyncio","group(1)"]},"source":"d5c0d3b25d3379d6.json","parameterValues":["'postgres'","'SIGKILL'"]}