[32mINFO    [0m pytest_operator.plugin:plugin.py:834 Model status:

Model  Controller           Cloud/Region         Version  SLA          Timestamp
test   localhost-localhost  localhost/localhost  3.1.7    unsupported  03:20:51Z

App               Version  Status   Scale  Charm             Channel        Rev  Exposed  Message
haproxy                    active       1  haproxy           stable          75  yes      Unit is ready
landscape-client           active       3  landscape-client  latest/stable   69  no       Client registered!
landscape-server           active       1  landscape-server  stable         111  no       Unit is ready
pg                14.11    active       3  postgresql                         0  no       
postgresql        14.11    active       1  postgresql        latest/stable  345  no       Live master (14.11)
rabbitmq-server   3.9.13   active       1  rabbitmq-server   3.9/stable     183  no       Unit is ready
ubuntu-advantage           blocked      3  ubuntu-advantage  latest/stable   79  no       Error attaching, possibly an invalid token or contract_url?

Unit                   Workload  Agent  Machine  Public address  Ports           Message
haproxy/0*             active    idle   0        10.173.110.232  80,443/tcp      Unit is ready
landscape-server/0*    active    idle   1        10.173.110.219                  Unit is ready
pg/0                   active    idle   4        10.173.110.179  5432/tcp        
  landscape-client/1   active    idle            10.173.110.179                  Client registered!
  ubuntu-advantage/1   active    idle            10.173.110.179                  Attached (esm-apps,esm-infra)
pg/1                   active    idle   5        10.173.110.15   5432/tcp        
  landscape-client/0*  active    idle            10.173.110.15                   Client registered!
  ubuntu-advantage/0*  blocked   idle            10.173.110.15                   Error attaching, possibly an invalid token or contract_url?
pg/2*                  active    idle   6        10.173.110.111  5432/tcp        Primary
  landscape-client/3   active    idle            10.173.110.111                  Client registered!
  ubuntu-advantage/2   blocked   idle            10.173.110.111                  Error attaching, possibly an invalid token or contract_url?
postgresql/0*          active    idle   2        10.173.110.107  5432/tcp        Live master (14.11)
rabbitmq-server/0*     active    idle   3        10.173.110.11   5672,15672/tcp  Unit is ready

Machine  State    Address         Inst id        Base          AZ  Message
0        started  10.173.110.232  juju-361c03-0  ubuntu@22.04      Running
1        started  10.173.110.219  juju-361c03-1  ubuntu@22.04      Running
2        started  10.173.110.107  juju-361c03-2  ubuntu@22.04      Running
3        started  10.173.110.11   juju-361c03-3  ubuntu@22.04      Running
4        started  10.173.110.179  juju-361c03-4  ubuntu@22.04      Running
5        started  10.173.110.15   juju-361c03-5  ubuntu@22.04      Running
6        started  10.173.110.111  juju-361c03-6  ubuntu@22.04      Running

[32mINFO    [0m pytest_operator.plugin:plugin.py:840 Juju error logs:

machine-2: 02:59:34 ERROR juju.worker.dependency "lxd-container-provisioner" manifold worker returned unexpected error: container types not yet available
machine-2: 02:59:34 ERROR juju.worker.dependency "kvm-container-provisioner" manifold worker returned unexpected error: container types not yet available
machine-2: 02:59:34 ERROR juju.worker.dependency "broker-tracker" manifold worker returned unexpected error: no container types determined
machine-0: 02:59:35 ERROR juju.worker.dependency "broker-tracker" manifold worker returned unexpected error: no container types determined
machine-0: 02:59:35 ERROR juju.worker.dependency "lxd-container-provisioner" manifold worker returned unexpected error: container types not yet available
machine-0: 02:59:35 ERROR juju.worker.dependency "kvm-container-provisioner" manifold worker returned unexpected error: container types not yet available
unit-postgresql-0: 02:59:35 ERROR juju.worker.meterstatus error running "meter-status-changed": charm missing from disk
machine-1: 02:59:37 ERROR juju.worker.dependency "broker-tracker" manifold worker returned unexpected error: no container types determined
machine-1: 02:59:37 ERROR juju.worker.dependency "lxd-container-provisioner" manifold worker returned unexpected error: container types not yet available
machine-1: 02:59:37 ERROR juju.worker.dependency "kvm-container-provisioner" manifold worker returned unexpected error: container types not yet available
unit-haproxy-0: 02:59:38 ERROR juju.worker.meterstatus error running "meter-status-changed": charm missing from disk
unit-landscape-server-0: 02:59:38 ERROR juju.worker.meterstatus error running "meter-status-changed": charm missing from disk
machine-3: 02:59:43 ERROR juju.worker.dependency "lxd-container-provisioner" manifold worker returned unexpected error: container types not yet available
machine-3: 02:59:43 ERROR juju.worker.dependency "kvm-container-provisioner" manifold worker returned unexpected error: container types not yet available
machine-3: 02:59:43 ERROR juju.worker.dependency "broker-tracker" manifold worker returned unexpected error: no container types determined
machine-6: 02:59:44 ERROR juju.worker.dependency "broker-tracker" manifold worker returned unexpected error: no container types determined
machine-6: 02:59:44 ERROR juju.worker.dependency "lxd-container-provisioner" manifold worker returned unexpected error: container types not yet available
machine-6: 02:59:44 ERROR juju.worker.dependency "kvm-container-provisioner" manifold worker returned unexpected error: container types not yet available
unit-rabbitmq-server-0: 02:59:44 ERROR juju.worker.meterstatus error running "meter-status-changed": charm missing from disk
unit-pg-2: 02:59:46 ERROR juju.worker.meterstatus error running "meter-status-changed": charm missing from disk
machine-5: 02:59:46 ERROR juju.worker.dependency "broker-tracker" manifold worker returned unexpected error: no container types determined
machine-5: 02:59:46 ERROR juju.worker.dependency "lxd-container-provisioner" manifold worker returned unexpected error: container types not yet available
machine-5: 02:59:46 ERROR juju.worker.dependency "kvm-container-provisioner" manifold worker returned unexpected error: container types not yet available
machine-4: 02:59:47 ERROR juju.worker.dependency "broker-tracker" manifold worker returned unexpected error: no container types determined
machine-4: 02:59:48 ERROR juju.worker.dependency "kvm-container-provisioner" manifold worker returned unexpected error: container types not yet available
machine-4: 02:59:48 ERROR juju.worker.dependency "lxd-container-provisioner" manifold worker returned unexpected error: container types not yet available
unit-pg-1: 02:59:48 ERROR juju.worker.meterstatus error running "meter-status-changed": charm missing from disk
unit-pg-0: 02:59:50 ERROR juju.worker.meterstatus error running "meter-status-changed": charm missing from disk
unit-postgresql-0: 03:02:41 ERROR unit.postgresql/0.juju-log Unable to find implementation for relation: provides of block-storage
unit-postgresql-0: 03:02:41 ERROR unit.postgresql/0.juju-log Unable to find implementation for relation: provides of local-monitors
unit-postgresql-0: 03:02:41 ERROR unit.postgresql/0.juju-log Unable to find implementation for relation: provides of pgreplication
unit-postgresql-0: 03:02:41 ERROR unit.postgresql/0.juju-log Unable to find implementation for relation: peers of pgpeer
unit-postgresql-0: 03:03:13 ERROR unit.postgresql/0.juju-log replication:4: Unable to find implementation for relation: provides of block-storage
unit-postgresql-0: 03:03:13 ERROR unit.postgresql/0.juju-log replication:4: Unable to find implementation for relation: provides of local-monitors
unit-postgresql-0: 03:03:13 ERROR unit.postgresql/0.juju-log replication:4: Unable to find implementation for relation: provides of pgreplication
unit-postgresql-0: 03:03:13 ERROR unit.postgresql/0.juju-log replication:4: Unable to find implementation for relation: peers of pgpeer
unit-landscape-server-0: 03:03:17 ERROR unit.landscape-server/0.juju-log Bootstrap account waiting on default root url..
unit-postgresql-0: 03:03:26 ERROR unit.postgresql/0.juju-log coordinator:3: Unable to find implementation for relation: provides of block-storage
unit-postgresql-0: 03:03:26 ERROR unit.postgresql/0.juju-log coordinator:3: Unable to find implementation for relation: provides of local-monitors
unit-postgresql-0: 03:03:26 ERROR unit.postgresql/0.juju-log coordinator:3: Unable to find implementation for relation: provides of pgreplication
unit-postgresql-0: 03:03:26 ERROR unit.postgresql/0.juju-log coordinator:3: Unable to find implementation for relation: peers of pgpeer
unit-postgresql-0: 03:03:35 ERROR unit.postgresql/0.juju-log db-admin:7: Unable to find implementation for relation: provides of block-storage
unit-postgresql-0: 03:03:35 ERROR unit.postgresql/0.juju-log db-admin:7: Unable to find implementation for relation: provides of local-monitors
unit-postgresql-0: 03:03:35 ERROR unit.postgresql/0.juju-log db-admin:7: Unable to find implementation for relation: provides of pgreplication
unit-postgresql-0: 03:03:35 ERROR unit.postgresql/0.juju-log db-admin:7: Unable to find implementation for relation: peers of pgpeer
unit-postgresql-0: 03:03:44 ERROR unit.postgresql/0.juju-log Unable to find implementation for relation: provides of block-storage
unit-postgresql-0: 03:03:44 ERROR unit.postgresql/0.juju-log Unable to find implementation for relation: provides of local-monitors
unit-postgresql-0: 03:03:44 ERROR unit.postgresql/0.juju-log Unable to find implementation for relation: provides of pgreplication
unit-postgresql-0: 03:03:44 ERROR unit.postgresql/0.juju-log Unable to find implementation for relation: peers of pgpeer
unit-postgresql-0: 03:03:45 ERROR unit.postgresql/0.juju-log Unable to find implementation for relation: provides of block-storage
unit-postgresql-0: 03:03:45 ERROR unit.postgresql/0.juju-log Unable to find implementation for relation: provides of local-monitors
unit-postgresql-0: 03:03:45 ERROR unit.postgresql/0.juju-log Unable to find implementation for relation: provides of pgreplication
unit-postgresql-0: 03:03:45 ERROR unit.postgresql/0.juju-log Unable to find implementation for relation: peers of pgpeer
unit-postgresql-0: 03:03:53 ERROR unit.postgresql/0.juju-log Unable to find implementation for relation: provides of block-storage
unit-postgresql-0: 03:03:53 ERROR unit.postgresql/0.juju-log Unable to find implementation for relation: provides of local-monitors
unit-postgresql-0: 03:03:53 ERROR unit.postgresql/0.juju-log Unable to find implementation for relation: provides of pgreplication
unit-postgresql-0: 03:03:53 ERROR unit.postgresql/0.juju-log Unable to find implementation for relation: peers of pgpeer
unit-postgresql-0: 03:04:01 ERROR unit.postgresql/0.juju-log db-admin:7: Unable to find implementation for relation: provides of block-storage
unit-postgresql-0: 03:04:01 ERROR unit.postgresql/0.juju-log db-admin:7: Unable to find implementation for relation: provides of local-monitors
unit-postgresql-0: 03:04:01 ERROR unit.postgresql/0.juju-log db-admin:7: Unable to find implementation for relation: provides of pgreplication
unit-postgresql-0: 03:04:01 ERROR unit.postgresql/0.juju-log db-admin:7: Unable to find implementation for relation: peers of pgpeer
unit-postgresql-0: 03:04:09 ERROR unit.postgresql/0.juju-log db-admin:7: Unable to find implementation for relation: provides of block-storage
unit-postgresql-0: 03:04:09 ERROR unit.postgresql/0.juju-log db-admin:7: Unable to find implementation for relation: provides of local-monitors
unit-postgresql-0: 03:04:09 ERROR unit.postgresql/0.juju-log db-admin:7: Unable to find implementation for relation: provides of pgreplication
unit-postgresql-0: 03:04:09 ERROR unit.postgresql/0.juju-log db-admin:7: Unable to find implementation for relation: peers of pgpeer
unit-postgresql-0: 03:04:44 ERROR unit.postgresql/0.juju-log Unable to find implementation for relation: provides of block-storage
unit-postgresql-0: 03:04:44 ERROR unit.postgresql/0.juju-log Unable to find implementation for relation: provides of local-monitors
unit-postgresql-0: 03:04:44 ERROR unit.postgresql/0.juju-log Unable to find implementation for relation: provides of pgreplication
unit-postgresql-0: 03:04:44 ERROR unit.postgresql/0.juju-log Unable to find implementation for relation: peers of pgpeer
unit-postgresql-0: 03:09:43 ERROR unit.postgresql/0.juju-log Unable to find implementation for relation: provides of block-storage
unit-postgresql-0: 03:09:43 ERROR unit.postgresql/0.juju-log Unable to find implementation for relation: provides of local-monitors
unit-postgresql-0: 03:09:43 ERROR unit.postgresql/0.juju-log Unable to find implementation for relation: provides of pgreplication
unit-postgresql-0: 03:09:43 ERROR unit.postgresql/0.juju-log Unable to find implementation for relation: peers of pgpeer
unit-landscape-client-0: 03:10:51 ERROR juju.worker.meterstatus error running "meter-status-changed": charm missing from disk
unit-landscape-client-1: 03:10:51 ERROR juju.worker.meterstatus error running "meter-status-changed": charm missing from disk
unit-landscape-client-3: 03:10:51 ERROR juju.worker.meterstatus error running "meter-status-changed": charm missing from disk
unit-ubuntu-advantage-0: 03:10:51 ERROR juju.worker.meterstatus error running "meter-status-changed": charm missing from disk
unit-ubuntu-advantage-1: 03:10:51 ERROR juju.worker.meterstatus error running "meter-status-changed": charm missing from disk
unit-ubuntu-advantage-2: 03:11:02 ERROR unit.unit-ubuntu-advantage-2.juju-log Uncaught exception while in charm code:
Traceback (most recent call last):
  File "/var/lib/juju/agents/unit-ubuntu-advantage-2/charm/venv/ops/model.py", line 2183, in _run
    result = run(args, **kwargs)
  File "/usr/lib/python3.10/subprocess.py", line 526, in run
    raise CalledProcessError(retcode, process.args,
subprocess.CalledProcessError: Command '('/var/lib/juju/tools/unit-ubuntu-advantage-2/config-get', '--format=json')' returned non-zero exit status 1.

During handling of the above exception, another exception occurred:

Traceback (most recent call last):
  File "/var/lib/juju/agents/unit-ubuntu-advantage-2/charm/./src/charm.py", line 210, in <module>
    main(UbuntuAdvantageCharm)
  File "/var/lib/juju/agents/unit-ubuntu-advantage-2/charm/venv/ops/main.py", line 426, in main
    charm = charm_class(framework)
  File "/var/lib/juju/agents/unit-ubuntu-advantage-2/charm/./src/charm.py", line 69, in __init__
    self._setup_proxy_env()
  File "/var/lib/juju/agents/unit-ubuntu-advantage-2/charm/./src/charm.py", line 79, in _setup_proxy_env
    self.env["http_proxy"] = self.config.get("override-http-proxy") or self.env.get(
  File "/usr/lib/python3.10/_collections_abc.py", line 824, in get
    return self[key]
  File "/var/lib/juju/agents/unit-ubuntu-advantage-2/charm/venv/ops/model.py", line 547, in __getitem__
    return self._data[key]
  File "/var/lib/juju/agents/unit-ubuntu-advantage-2/charm/venv/ops/model.py", line 531, in _data
    data = self._lazy_data = self._load()
  File "/var/lib/juju/agents/unit-ubuntu-advantage-2/charm/venv/ops/model.py", line 1092, in _load
    return self._backend.config_get()
  File "/var/lib/juju/agents/unit-ubuntu-advantage-2/charm/venv/ops/model.py", line 2299, in config_get
    out = self._run('config-get', return_output=True, use_json=True)
  File "/var/lib/juju/agents/unit-ubuntu-advantage-2/charm/venv/ops/model.py", line 2189, in _run
    raise ModelError(e.stderr)
ops.model.ModelError: b'ERROR not implemented for restricted context not implemented\n'
unit-ubuntu-advantage-2: 03:11:02 ERROR juju.worker.meterstatus error running "meter-status-changed": exit status 1
unit-postgresql-0: 03:14:06 ERROR unit.postgresql/0.juju-log Unable to find implementation for relation: provides of block-storage
unit-postgresql-0: 03:14:06 ERROR unit.postgresql/0.juju-log Unable to find implementation for relation: provides of local-monitors
unit-postgresql-0: 03:14:06 ERROR unit.postgresql/0.juju-log Unable to find implementation for relation: provides of pgreplication
unit-postgresql-0: 03:14:06 ERROR unit.postgresql/0.juju-log Unable to find implementation for relation: peers of pgpeer
unit-postgresql-0: 03:19:10 ERROR unit.postgresql/0.juju-log Unable to find implementation for relation: provides of block-storage
unit-postgresql-0: 03:19:10 ERROR unit.postgresql/0.juju-log Unable to find implementation for relation: provides of local-monitors
unit-postgresql-0: 03:19:10 ERROR unit.postgresql/0.juju-log Unable to find implementation for relation: provides of pgreplication
unit-postgresql-0: 03:19:10 ERROR unit.postgresql/0.juju-log Unable to find implementation for relation: peers of pgpeer

[32mINFO    [0m pytest_operator.plugin:plugin.py:904 Forgetting main...