{"uid":"37a636607c014c6b","name":"test_backup","fullName":"tests.integration.test_backups#test_backup","historyId":"b693749cab346c77f8aeadc20e28b565","time":{"start":1716773222488,"stop":1716773860742,"duration":638254},"description":"Build and deploy two units of PostgreSQL and then test the backup and restore actions.","descriptionHtml":"<p>Build and deploy two units of PostgreSQL and then test the backup and restore actions.</p>\n","status":"broken","statusMessage":"juju.errors.JujuUnitError: Unit in error: postgresql-aws/0","statusTrace":"Traceback (most recent call last):\n  File \"/home/runner/work/test-runners-github-postgresql-operator/test-runners-github-postgresql-operator/.tox/integration/lib/python3.10/site-packages/_pytest/runner.py\", line 340, in from_call\n    result: Optional[TResult] = func()\n  File \"/home/runner/work/test-runners-github-postgresql-operator/test-runners-github-postgresql-operator/.tox/integration/lib/python3.10/site-packages/_pytest/runner.py\", line 240, in <lambda>\n    lambda: runtest_hook(item=item, **kwds), when=when, reraise=reraise\n  File \"/home/runner/work/test-runners-github-postgresql-operator/test-runners-github-postgresql-operator/.tox/integration/lib/python3.10/site-packages/pluggy/_hooks.py\", line 501, in __call__\n    return self._hookexec(self.name, self._hookimpls.copy(), kwargs, firstresult)\n  File \"/home/runner/work/test-runners-github-postgresql-operator/test-runners-github-postgresql-operator/.tox/integration/lib/python3.10/site-packages/pluggy/_manager.py\", line 119, in _hookexec\n    return self._inner_hookexec(hook_name, methods, kwargs, firstresult)\n  File \"/home/runner/work/test-runners-github-postgresql-operator/test-runners-github-postgresql-operator/.tox/integration/lib/python3.10/site-packages/pluggy/_callers.py\", line 181, in _multicall\n    return outcome.get_result()\n  File \"/home/runner/work/test-runners-github-postgresql-operator/test-runners-github-postgresql-operator/.tox/integration/lib/python3.10/site-packages/pluggy/_result.py\", line 99, in get_result\n    raise exc.with_traceback(exc.__traceback__)\n  File \"/home/runner/work/test-runners-github-postgresql-operator/test-runners-github-postgresql-operator/.tox/integration/lib/python3.10/site-packages/pluggy/_callers.py\", line 166, in _multicall\n    teardown.throw(outcome._exception)\n  File \"/home/runner/work/test-runners-github-postgresql-operator/test-runners-github-postgresql-operator/.tox/integration/lib/python3.10/site-packages/_pytest/threadexception.py\", line 87, in pytest_runtest_call\n    yield from thread_exception_runtest_hook()\n  File \"/home/runner/work/test-runners-github-postgresql-operator/test-runners-github-postgresql-operator/.tox/integration/lib/python3.10/site-packages/_pytest/threadexception.py\", line 63, in thread_exception_runtest_hook\n    yield\n  File \"/home/runner/work/test-runners-github-postgresql-operator/test-runners-github-postgresql-operator/.tox/integration/lib/python3.10/site-packages/pluggy/_callers.py\", line 166, in _multicall\n    teardown.throw(outcome._exception)\n  File \"/home/runner/work/test-runners-github-postgresql-operator/test-runners-github-postgresql-operator/.tox/integration/lib/python3.10/site-packages/_pytest/unraisableexception.py\", line 90, in pytest_runtest_call\n    yield from unraisable_exception_runtest_hook()\n  File \"/home/runner/work/test-runners-github-postgresql-operator/test-runners-github-postgresql-operator/.tox/integration/lib/python3.10/site-packages/_pytest/unraisableexception.py\", line 65, in unraisable_exception_runtest_hook\n    yield\n  File \"/home/runner/work/test-runners-github-postgresql-operator/test-runners-github-postgresql-operator/.tox/integration/lib/python3.10/site-packages/pluggy/_callers.py\", line 166, in _multicall\n    teardown.throw(outcome._exception)\n  File \"/home/runner/work/test-runners-github-postgresql-operator/test-runners-github-postgresql-operator/.tox/integration/lib/python3.10/site-packages/_pytest/logging.py\", line 849, in pytest_runtest_call\n    yield from self._runtest_for(item, \"call\")\n  File \"/home/runner/work/test-runners-github-postgresql-operator/test-runners-github-postgresql-operator/.tox/integration/lib/python3.10/site-packages/_pytest/logging.py\", line 832, in _runtest_for\n    yield\n  File \"/home/runner/work/test-runners-github-postgresql-operator/test-runners-github-postgresql-operator/.tox/integration/lib/python3.10/site-packages/pluggy/_callers.py\", line 166, in _multicall\n    teardown.throw(outcome._exception)\n  File \"/home/runner/work/test-runners-github-postgresql-operator/test-runners-github-postgresql-operator/.tox/integration/lib/python3.10/site-packages/_pytest/capture.py\", line 883, in pytest_runtest_call\n    return (yield)\n  File \"/home/runner/work/test-runners-github-postgresql-operator/test-runners-github-postgresql-operator/.tox/integration/lib/python3.10/site-packages/pluggy/_callers.py\", line 166, in _multicall\n    teardown.throw(outcome._exception)\n  File \"/home/runner/work/test-runners-github-postgresql-operator/test-runners-github-postgresql-operator/.tox/integration/lib/python3.10/site-packages/_pytest/skipping.py\", line 256, in pytest_runtest_call\n    return (yield)\n  File \"/home/runner/work/test-runners-github-postgresql-operator/test-runners-github-postgresql-operator/.tox/integration/lib/python3.10/site-packages/pluggy/_callers.py\", line 102, in _multicall\n    res = hook_impl.function(*args)\n  File \"/home/runner/work/test-runners-github-postgresql-operator/test-runners-github-postgresql-operator/.tox/integration/lib/python3.10/site-packages/_pytest/runner.py\", line 182, in pytest_runtest_call\n    raise e\n  File \"/home/runner/work/test-runners-github-postgresql-operator/test-runners-github-postgresql-operator/.tox/integration/lib/python3.10/site-packages/_pytest/runner.py\", line 172, in pytest_runtest_call\n    item.runtest()\n  File \"/home/runner/work/test-runners-github-postgresql-operator/test-runners-github-postgresql-operator/.tox/integration/lib/python3.10/site-packages/_pytest/python.py\", line 1772, in runtest\n    self.ihook.pytest_pyfunc_call(pyfuncitem=self)\n  File \"/home/runner/work/test-runners-github-postgresql-operator/test-runners-github-postgresql-operator/.tox/integration/lib/python3.10/site-packages/pluggy/_hooks.py\", line 501, in __call__\n    return self._hookexec(self.name, self._hookimpls.copy(), kwargs, firstresult)\n  File \"/home/runner/work/test-runners-github-postgresql-operator/test-runners-github-postgresql-operator/.tox/integration/lib/python3.10/site-packages/pluggy/_manager.py\", line 119, in _hookexec\n    return self._inner_hookexec(hook_name, methods, kwargs, firstresult)\n  File \"/home/runner/work/test-runners-github-postgresql-operator/test-runners-github-postgresql-operator/.tox/integration/lib/python3.10/site-packages/pluggy/_callers.py\", line 181, in _multicall\n    return outcome.get_result()\n  File \"/home/runner/work/test-runners-github-postgresql-operator/test-runners-github-postgresql-operator/.tox/integration/lib/python3.10/site-packages/pluggy/_result.py\", line 99, in get_result\n    raise exc.with_traceback(exc.__traceback__)\n  File \"/home/runner/work/test-runners-github-postgresql-operator/test-runners-github-postgresql-operator/.tox/integration/lib/python3.10/site-packages/pluggy/_callers.py\", line 102, in _multicall\n    res = hook_impl.function(*args)\n  File \"/home/runner/work/test-runners-github-postgresql-operator/test-runners-github-postgresql-operator/.tox/integration/lib/python3.10/site-packages/_pytest/python.py\", line 195, in pytest_pyfunc_call\n    result = testfunction(**testargs)\n  File \"/home/runner/work/test-runners-github-postgresql-operator/test-runners-github-postgresql-operator/.tox/integration/lib/python3.10/site-packages/pytest_asyncio/plugin.py\", line 532, in inner\n    _loop.run_until_complete(task)\n  File \"/usr/lib/python3.10/asyncio/base_events.py\", line 649, in run_until_complete\n    return future.result()\n  File \"/home/runner/work/test-runners-github-postgresql-operator/test-runners-github-postgresql-operator/tests/integration/test_backups.py\", line 118, in test_backup\n    await ops_test.model.wait_for_idle(\n  File \"/home/runner/work/test-runners-github-postgresql-operator/test-runners-github-postgresql-operator/.tox/integration/lib/python3.10/site-packages/juju/model.py\", line 2950, in wait_for_idle\n    _raise_for_status(errors, \"error\")\n  File \"/home/runner/work/test-runners-github-postgresql-operator/test-runners-github-postgresql-operator/.tox/integration/lib/python3.10/site-packages/juju/model.py\", line 2856, in _raise_for_status\n    raise error_type(\"{}{} in {}: {}\".format(\njuju.errors.JujuUnitError: Unit in error: postgresql-aws/0","flaky":false,"newFailed":false,"newBroken":true,"newPassed":false,"retriesCount":0,"retriesStatusChange":false,"beforeStages":[{"name":"event_loop","time":{"start":1716773222259,"stop":1716773222260,"duration":1},"status":"passed","steps":[],"attachments":[],"parameters":[],"stepsCount":0,"shouldDisplayMessage":false,"attachmentsCount":0,"hasContent":false,"attachmentStep":false},{"name":"github_secrets","time":{"start":1716773222260,"stop":1716773222260,"duration":0},"status":"passed","steps":[],"attachments":[],"parameters":[],"stepsCount":0,"shouldDisplayMessage":false,"attachmentsCount":0,"hasContent":false,"attachmentStep":false},{"name":"ops_test","time":{"start":1716773222260,"stop":1716773222409,"duration":149},"status":"passed","steps":[],"attachments":[],"parameters":[],"stepsCount":0,"shouldDisplayMessage":false,"attachmentsCount":0,"hasContent":false,"attachmentStep":false},{"name":"tmp_path_factory","time":{"start":1716773222260,"stop":1716773222260,"duration":0},"status":"passed","steps":[],"attachments":[],"parameters":[],"stepsCount":0,"shouldDisplayMessage":false,"attachmentsCount":0,"hasContent":false,"attachmentStep":false},{"name":"cloud_configs","time":{"start":1716773222409,"stop":1716773222487,"duration":78},"status":"passed","steps":[],"attachments":[],"parameters":[],"stepsCount":0,"shouldDisplayMessage":false,"attachmentsCount":0,"hasContent":false,"attachmentStep":false},{"name":"abort_on_fail","time":{"start":1716773222487,"stop":1716773222487,"duration":0},"status":"passed","steps":[],"attachments":[],"parameters":[],"stepsCount":0,"shouldDisplayMessage":false,"attachmentsCount":0,"hasContent":false,"attachmentStep":false}],"testStage":{"description":"Build and deploy two units of PostgreSQL and then test the backup and restore actions.","status":"broken","statusMessage":"juju.errors.JujuUnitError: Unit in error: postgresql-aws/0","statusTrace":"Traceback (most recent call last):\n  File \"/home/runner/work/test-runners-github-postgresql-operator/test-runners-github-postgresql-operator/.tox/integration/lib/python3.10/site-packages/_pytest/runner.py\", line 340, in from_call\n    result: Optional[TResult] = func()\n  File \"/home/runner/work/test-runners-github-postgresql-operator/test-runners-github-postgresql-operator/.tox/integration/lib/python3.10/site-packages/_pytest/runner.py\", line 240, in <lambda>\n    lambda: runtest_hook(item=item, **kwds), when=when, reraise=reraise\n  File \"/home/runner/work/test-runners-github-postgresql-operator/test-runners-github-postgresql-operator/.tox/integration/lib/python3.10/site-packages/pluggy/_hooks.py\", line 501, in __call__\n    return self._hookexec(self.name, self._hookimpls.copy(), kwargs, firstresult)\n  File \"/home/runner/work/test-runners-github-postgresql-operator/test-runners-github-postgresql-operator/.tox/integration/lib/python3.10/site-packages/pluggy/_manager.py\", line 119, in _hookexec\n    return self._inner_hookexec(hook_name, methods, kwargs, firstresult)\n  File \"/home/runner/work/test-runners-github-postgresql-operator/test-runners-github-postgresql-operator/.tox/integration/lib/python3.10/site-packages/pluggy/_callers.py\", line 181, in _multicall\n    return outcome.get_result()\n  File \"/home/runner/work/test-runners-github-postgresql-operator/test-runners-github-postgresql-operator/.tox/integration/lib/python3.10/site-packages/pluggy/_result.py\", line 99, in get_result\n    raise exc.with_traceback(exc.__traceback__)\n  File \"/home/runner/work/test-runners-github-postgresql-operator/test-runners-github-postgresql-operator/.tox/integration/lib/python3.10/site-packages/pluggy/_callers.py\", line 166, in _multicall\n    teardown.throw(outcome._exception)\n  File \"/home/runner/work/test-runners-github-postgresql-operator/test-runners-github-postgresql-operator/.tox/integration/lib/python3.10/site-packages/_pytest/threadexception.py\", line 87, in pytest_runtest_call\n    yield from thread_exception_runtest_hook()\n  File \"/home/runner/work/test-runners-github-postgresql-operator/test-runners-github-postgresql-operator/.tox/integration/lib/python3.10/site-packages/_pytest/threadexception.py\", line 63, in thread_exception_runtest_hook\n    yield\n  File \"/home/runner/work/test-runners-github-postgresql-operator/test-runners-github-postgresql-operator/.tox/integration/lib/python3.10/site-packages/pluggy/_callers.py\", line 166, in _multicall\n    teardown.throw(outcome._exception)\n  File \"/home/runner/work/test-runners-github-postgresql-operator/test-runners-github-postgresql-operator/.tox/integration/lib/python3.10/site-packages/_pytest/unraisableexception.py\", line 90, in pytest_runtest_call\n    yield from unraisable_exception_runtest_hook()\n  File \"/home/runner/work/test-runners-github-postgresql-operator/test-runners-github-postgresql-operator/.tox/integration/lib/python3.10/site-packages/_pytest/unraisableexception.py\", line 65, in unraisable_exception_runtest_hook\n    yield\n  File \"/home/runner/work/test-runners-github-postgresql-operator/test-runners-github-postgresql-operator/.tox/integration/lib/python3.10/site-packages/pluggy/_callers.py\", line 166, in _multicall\n    teardown.throw(outcome._exception)\n  File \"/home/runner/work/test-runners-github-postgresql-operator/test-runners-github-postgresql-operator/.tox/integration/lib/python3.10/site-packages/_pytest/logging.py\", line 849, in pytest_runtest_call\n    yield from self._runtest_for(item, \"call\")\n  File \"/home/runner/work/test-runners-github-postgresql-operator/test-runners-github-postgresql-operator/.tox/integration/lib/python3.10/site-packages/_pytest/logging.py\", line 832, in _runtest_for\n    yield\n  File \"/home/runner/work/test-runners-github-postgresql-operator/test-runners-github-postgresql-operator/.tox/integration/lib/python3.10/site-packages/pluggy/_callers.py\", line 166, in _multicall\n    teardown.throw(outcome._exception)\n  File \"/home/runner/work/test-runners-github-postgresql-operator/test-runners-github-postgresql-operator/.tox/integration/lib/python3.10/site-packages/_pytest/capture.py\", line 883, in pytest_runtest_call\n    return (yield)\n  File \"/home/runner/work/test-runners-github-postgresql-operator/test-runners-github-postgresql-operator/.tox/integration/lib/python3.10/site-packages/pluggy/_callers.py\", line 166, in _multicall\n    teardown.throw(outcome._exception)\n  File \"/home/runner/work/test-runners-github-postgresql-operator/test-runners-github-postgresql-operator/.tox/integration/lib/python3.10/site-packages/_pytest/skipping.py\", line 256, in pytest_runtest_call\n    return (yield)\n  File \"/home/runner/work/test-runners-github-postgresql-operator/test-runners-github-postgresql-operator/.tox/integration/lib/python3.10/site-packages/pluggy/_callers.py\", line 102, in _multicall\n    res = hook_impl.function(*args)\n  File \"/home/runner/work/test-runners-github-postgresql-operator/test-runners-github-postgresql-operator/.tox/integration/lib/python3.10/site-packages/_pytest/runner.py\", line 182, in pytest_runtest_call\n    raise e\n  File \"/home/runner/work/test-runners-github-postgresql-operator/test-runners-github-postgresql-operator/.tox/integration/lib/python3.10/site-packages/_pytest/runner.py\", line 172, in pytest_runtest_call\n    item.runtest()\n  File \"/home/runner/work/test-runners-github-postgresql-operator/test-runners-github-postgresql-operator/.tox/integration/lib/python3.10/site-packages/_pytest/python.py\", line 1772, in runtest\n    self.ihook.pytest_pyfunc_call(pyfuncitem=self)\n  File \"/home/runner/work/test-runners-github-postgresql-operator/test-runners-github-postgresql-operator/.tox/integration/lib/python3.10/site-packages/pluggy/_hooks.py\", line 501, in __call__\n    return self._hookexec(self.name, self._hookimpls.copy(), kwargs, firstresult)\n  File \"/home/runner/work/test-runners-github-postgresql-operator/test-runners-github-postgresql-operator/.tox/integration/lib/python3.10/site-packages/pluggy/_manager.py\", line 119, in _hookexec\n    return self._inner_hookexec(hook_name, methods, kwargs, firstresult)\n  File \"/home/runner/work/test-runners-github-postgresql-operator/test-runners-github-postgresql-operator/.tox/integration/lib/python3.10/site-packages/pluggy/_callers.py\", line 181, in _multicall\n    return outcome.get_result()\n  File \"/home/runner/work/test-runners-github-postgresql-operator/test-runners-github-postgresql-operator/.tox/integration/lib/python3.10/site-packages/pluggy/_result.py\", line 99, in get_result\n    raise exc.with_traceback(exc.__traceback__)\n  File \"/home/runner/work/test-runners-github-postgresql-operator/test-runners-github-postgresql-operator/.tox/integration/lib/python3.10/site-packages/pluggy/_callers.py\", line 102, in _multicall\n    res = hook_impl.function(*args)\n  File \"/home/runner/work/test-runners-github-postgresql-operator/test-runners-github-postgresql-operator/.tox/integration/lib/python3.10/site-packages/_pytest/python.py\", line 195, in pytest_pyfunc_call\n    result = testfunction(**testargs)\n  File \"/home/runner/work/test-runners-github-postgresql-operator/test-runners-github-postgresql-operator/.tox/integration/lib/python3.10/site-packages/pytest_asyncio/plugin.py\", line 532, in inner\n    _loop.run_until_complete(task)\n  File \"/usr/lib/python3.10/asyncio/base_events.py\", line 649, in run_until_complete\n    return future.result()\n  File \"/home/runner/work/test-runners-github-postgresql-operator/test-runners-github-postgresql-operator/tests/integration/test_backups.py\", line 118, in test_backup\n    await ops_test.model.wait_for_idle(\n  File \"/home/runner/work/test-runners-github-postgresql-operator/test-runners-github-postgresql-operator/.tox/integration/lib/python3.10/site-packages/juju/model.py\", line 2950, in wait_for_idle\n    _raise_for_status(errors, \"error\")\n  File \"/home/runner/work/test-runners-github-postgresql-operator/test-runners-github-postgresql-operator/.tox/integration/lib/python3.10/site-packages/juju/model.py\", line 2856, in _raise_for_status\n    raise error_type(\"{}{} in {}: {}\".format(\njuju.errors.JujuUnitError: Unit in error: postgresql-aws/0","steps":[],"attachments":[{"uid":"85d2d44d874db91","name":"log","source":"85d2d44d874db91.txt","type":"text/plain","size":4270}],"parameters":[],"stepsCount":0,"shouldDisplayMessage":true,"attachmentsCount":1,"hasContent":true,"attachmentStep":false},"afterStages":[{"name":"abort_on_fail::0","time":{"start":1716773860767,"stop":1716773860767,"duration":0},"status":"passed","steps":[],"attachments":[],"parameters":[],"stepsCount":0,"shouldDisplayMessage":false,"attachmentsCount":0,"hasContent":false,"attachmentStep":false},{"name":"cloud_configs::finalizer","time":{"start":1716773860773,"stop":1716773861116,"duration":343},"status":"passed","steps":[],"attachments":[],"parameters":[],"stepsCount":0,"shouldDisplayMessage":false,"attachmentsCount":0,"hasContent":false,"attachmentStep":false},{"name":"ops_test::finalizer","time":{"start":1716773861117,"stop":1716773861379,"duration":262},"status":"passed","steps":[],"attachments":[],"parameters":[],"stepsCount":0,"shouldDisplayMessage":false,"attachmentsCount":0,"hasContent":false,"attachmentStep":false},{"name":"event_loop::2","time":{"start":1716773861380,"stop":1716773861380,"duration":0},"status":"passed","steps":[],"attachments":[],"parameters":[],"stepsCount":0,"shouldDisplayMessage":false,"attachmentsCount":0,"hasContent":false,"attachmentStep":false},{"name":"event_loop::_close_event_loop","time":{"start":1716773861380,"stop":1716773861380,"duration":0},"status":"passed","steps":[],"attachments":[],"parameters":[],"stepsCount":0,"shouldDisplayMessage":false,"attachmentsCount":0,"hasContent":false,"attachmentStep":false},{"name":"event_loop::_provide_clean_event_loop","time":{"start":1716773861380,"stop":1716773861381,"duration":1},"status":"passed","steps":[],"attachments":[],"parameters":[],"stepsCount":0,"shouldDisplayMessage":false,"attachmentsCount":0,"hasContent":false,"attachmentStep":false}],"labels":[{"name":"tag","value":"abort_on_fail"},{"name":"tag","value":"group(1)"},{"name":"tag","value":"asyncio"},{"name":"parentSuite","value":"tests.integration"},{"name":"suite","value":"test_backups"},{"name":"host","value":"fv-az849-463"},{"name":"thread","value":"7255-MainThread"},{"name":"framework","value":"pytest"},{"name":"language","value":"cpython3"},{"name":"package","value":"tests.integration.test_backups"},{"name":"resultFormat","value":"allure2"}],"parameters":[],"links":[],"hidden":false,"retry":false,"extra":{"severity":"normal","retries":[],"categories":[{"name":"Test defects","matchedStatuses":[],"flaky":false}],"history":{"statistic":{"failed":0,"broken":16,"skipped":0,"passed":30,"unknown":0,"total":46},"items":[{"uid":"4351dee6d91e830e","reportUrl":"../60//#testresult/4351dee6d91e830e","status":"passed","time":{"start":1716687278412,"stop":1716688606987,"duration":1328575}},{"uid":"fd18d90eaccc7074","reportUrl":"../59//#testresult/fd18d90eaccc7074","status":"passed","time":{"start":1716600471944,"stop":1716602285418,"duration":1813474}},{"uid":"313f94c75a1ae006","reportUrl":"../58//#testresult/313f94c75a1ae006","status":"passed","time":{"start":1716514061157,"stop":1716515769931,"duration":1708774}},{"uid":"d004cc9790a3e979","reportUrl":"../57//#testresult/d004cc9790a3e979","status":"passed","time":{"start":1716427594732,"stop":1716429130117,"duration":1535385}},{"uid":"2df164ec2b85d82a","reportUrl":"../56//#testresult/2df164ec2b85d82a","status":"broken","statusDetails":"juju.errors.JujuUnitError: Unit in error: postgresql-aws/0","time":{"start":1716341279653,"stop":1716341847541,"duration":567888}},{"uid":"598b9a7a7376011c","reportUrl":"../53//#testresult/598b9a7a7376011c","status":"passed","time":{"start":1716254789416,"stop":1716256345437,"duration":1556021}},{"uid":"84c04fe13726de98","reportUrl":"../52//#testresult/84c04fe13726de98","status":"broken","statusDetails":"juju.errors.JujuUnitError: Unit in error: postgresql-aws/0","time":{"start":1716168646884,"stop":1716169131014,"duration":484130}},{"uid":"aedafa87c7f3da0e","reportUrl":"../51//#testresult/aedafa87c7f3da0e","status":"passed","time":{"start":1716082047922,"stop":1716083481709,"duration":1433787}},{"uid":"259e89136ead92e","reportUrl":"../50//#testresult/259e89136ead92e","status":"passed","time":{"start":1715995590563,"stop":1715997082837,"duration":1492274}},{"uid":"f79f760cc6e1f2ac","reportUrl":"../49//#testresult/f79f760cc6e1f2ac","status":"broken","statusDetails":"juju.errors.JujuUnitError: Unit in error: postgresql-aws/0","time":{"start":1715909246458,"stop":1715909669949,"duration":423491}},{"uid":"48829ba06362242","reportUrl":"../48//#testresult/48829ba06362242","status":"broken","statusDetails":"juju.errors.JujuUnitError: Unit in error: postgresql-aws/1","time":{"start":1715822836980,"stop":1715823481676,"duration":644696}},{"uid":"2783f69aa50a51a0","reportUrl":"../47//#testresult/2783f69aa50a51a0","status":"passed","time":{"start":1715736407754,"stop":1715737968992,"duration":1561238}},{"uid":"7926da251bb889f","reportUrl":"../46//#testresult/7926da251bb889f","status":"broken","statusDetails":"juju.errors.JujuUnitError: Unit in error: postgresql-aws/0","time":{"start":1715649988238,"stop":1715650661934,"duration":673696}},{"uid":"709e979c20159013","reportUrl":"../45//#testresult/709e979c20159013","status":"passed","time":{"start":1715563676579,"stop":1715565433462,"duration":1756883}},{"uid":"18d21e42fa821ef4","reportUrl":"../44//#testresult/18d21e42fa821ef4","status":"passed","time":{"start":1715477364853,"stop":1715478968902,"duration":1604049}},{"uid":"3249604629f3df51","reportUrl":"../42//#testresult/3249604629f3df51","status":"passed","time":{"start":1715391217790,"stop":1715392804780,"duration":1586990}},{"uid":"22a5c32a18f0c788","reportUrl":"../41//#testresult/22a5c32a18f0c788","status":"passed","time":{"start":1715304390137,"stop":1715305907401,"duration":1517264}},{"uid":"ee2776c5089b63f3","reportUrl":"../40//#testresult/ee2776c5089b63f3","status":"passed","time":{"start":1715218088716,"stop":1715219565417,"duration":1476701}},{"uid":"bf83d7b0565fd1a","reportUrl":"../39//#testresult/bf83d7b0565fd1a","status":"broken","statusDetails":"asyncio.exceptions.TimeoutError: Timed out waiting for model:\npostgresql-aws/0 [executing] maintenance: reconfiguring cluster\n  postgresql-aws/1 [idle] waiting: awaiting for cluster to start","time":{"start":1715131388174,"stop":1715132707750,"duration":1319576}},{"uid":"9503de04fa55329f","reportUrl":"../38//#testresult/9503de04fa55329f","status":"passed","time":{"start":1715045425222,"stop":1715046850043,"duration":1424821}}]},"tags":["asyncio","abort_on_fail","group(1)"]},"source":"37a636607c014c6b.json","parameterValues":[]}