{"uid":"c29c92d7f84dc702","name":"test_persist_data_through_primary_deletion","fullName":"tests.integration.test_charm#test_persist_data_through_primary_deletion","historyId":"9d1cbaaaf2bdf66102409771e5d14ec7","time":{"start":1716084184885,"stop":1716084197961,"duration":13076},"description":"Test data persists through a primary deletion.","descriptionHtml":"<p>Test data persists through a primary deletion.</p>\n","status":"broken","statusMessage":"AttributeError: 'NoneType' object has no attribute 'run_action'","statusTrace":"Traceback (most recent call last):\n  File \"/home/runner/work/test-runners-github-postgresql-operator/test-runners-github-postgresql-operator/.tox/integration/lib/python3.10/site-packages/_pytest/runner.py\", line 340, in from_call\n    result: Optional[TResult] = func()\n  File \"/home/runner/work/test-runners-github-postgresql-operator/test-runners-github-postgresql-operator/.tox/integration/lib/python3.10/site-packages/_pytest/runner.py\", line 240, in <lambda>\n    lambda: runtest_hook(item=item, **kwds), when=when, reraise=reraise\n  File \"/home/runner/work/test-runners-github-postgresql-operator/test-runners-github-postgresql-operator/.tox/integration/lib/python3.10/site-packages/pluggy/_hooks.py\", line 501, in __call__\n    return self._hookexec(self.name, self._hookimpls.copy(), kwargs, firstresult)\n  File \"/home/runner/work/test-runners-github-postgresql-operator/test-runners-github-postgresql-operator/.tox/integration/lib/python3.10/site-packages/pluggy/_manager.py\", line 119, in _hookexec\n    return self._inner_hookexec(hook_name, methods, kwargs, firstresult)\n  File \"/home/runner/work/test-runners-github-postgresql-operator/test-runners-github-postgresql-operator/.tox/integration/lib/python3.10/site-packages/pluggy/_callers.py\", line 181, in _multicall\n    return outcome.get_result()\n  File \"/home/runner/work/test-runners-github-postgresql-operator/test-runners-github-postgresql-operator/.tox/integration/lib/python3.10/site-packages/pluggy/_result.py\", line 99, in get_result\n    raise exc.with_traceback(exc.__traceback__)\n  File \"/home/runner/work/test-runners-github-postgresql-operator/test-runners-github-postgresql-operator/.tox/integration/lib/python3.10/site-packages/pluggy/_callers.py\", line 166, in _multicall\n    teardown.throw(outcome._exception)\n  File \"/home/runner/work/test-runners-github-postgresql-operator/test-runners-github-postgresql-operator/.tox/integration/lib/python3.10/site-packages/_pytest/threadexception.py\", line 87, in pytest_runtest_call\n    yield from thread_exception_runtest_hook()\n  File \"/home/runner/work/test-runners-github-postgresql-operator/test-runners-github-postgresql-operator/.tox/integration/lib/python3.10/site-packages/_pytest/threadexception.py\", line 63, in thread_exception_runtest_hook\n    yield\n  File \"/home/runner/work/test-runners-github-postgresql-operator/test-runners-github-postgresql-operator/.tox/integration/lib/python3.10/site-packages/pluggy/_callers.py\", line 166, in _multicall\n    teardown.throw(outcome._exception)\n  File \"/home/runner/work/test-runners-github-postgresql-operator/test-runners-github-postgresql-operator/.tox/integration/lib/python3.10/site-packages/_pytest/unraisableexception.py\", line 90, in pytest_runtest_call\n    yield from unraisable_exception_runtest_hook()\n  File \"/home/runner/work/test-runners-github-postgresql-operator/test-runners-github-postgresql-operator/.tox/integration/lib/python3.10/site-packages/_pytest/unraisableexception.py\", line 65, in unraisable_exception_runtest_hook\n    yield\n  File \"/home/runner/work/test-runners-github-postgresql-operator/test-runners-github-postgresql-operator/.tox/integration/lib/python3.10/site-packages/pluggy/_callers.py\", line 166, in _multicall\n    teardown.throw(outcome._exception)\n  File \"/home/runner/work/test-runners-github-postgresql-operator/test-runners-github-postgresql-operator/.tox/integration/lib/python3.10/site-packages/_pytest/logging.py\", line 849, in pytest_runtest_call\n    yield from self._runtest_for(item, \"call\")\n  File \"/home/runner/work/test-runners-github-postgresql-operator/test-runners-github-postgresql-operator/.tox/integration/lib/python3.10/site-packages/_pytest/logging.py\", line 832, in _runtest_for\n    yield\n  File \"/home/runner/work/test-runners-github-postgresql-operator/test-runners-github-postgresql-operator/.tox/integration/lib/python3.10/site-packages/pluggy/_callers.py\", line 166, in _multicall\n    teardown.throw(outcome._exception)\n  File \"/home/runner/work/test-runners-github-postgresql-operator/test-runners-github-postgresql-operator/.tox/integration/lib/python3.10/site-packages/_pytest/capture.py\", line 883, in pytest_runtest_call\n    return (yield)\n  File \"/home/runner/work/test-runners-github-postgresql-operator/test-runners-github-postgresql-operator/.tox/integration/lib/python3.10/site-packages/pluggy/_callers.py\", line 166, in _multicall\n    teardown.throw(outcome._exception)\n  File \"/home/runner/work/test-runners-github-postgresql-operator/test-runners-github-postgresql-operator/.tox/integration/lib/python3.10/site-packages/_pytest/skipping.py\", line 256, in pytest_runtest_call\n    return (yield)\n  File \"/home/runner/work/test-runners-github-postgresql-operator/test-runners-github-postgresql-operator/.tox/integration/lib/python3.10/site-packages/pluggy/_callers.py\", line 102, in _multicall\n    res = hook_impl.function(*args)\n  File \"/home/runner/work/test-runners-github-postgresql-operator/test-runners-github-postgresql-operator/.tox/integration/lib/python3.10/site-packages/_pytest/runner.py\", line 182, in pytest_runtest_call\n    raise e\n  File \"/home/runner/work/test-runners-github-postgresql-operator/test-runners-github-postgresql-operator/.tox/integration/lib/python3.10/site-packages/_pytest/runner.py\", line 172, in pytest_runtest_call\n    item.runtest()\n  File \"/home/runner/work/test-runners-github-postgresql-operator/test-runners-github-postgresql-operator/.tox/integration/lib/python3.10/site-packages/_pytest/python.py\", line 1772, in runtest\n    self.ihook.pytest_pyfunc_call(pyfuncitem=self)\n  File \"/home/runner/work/test-runners-github-postgresql-operator/test-runners-github-postgresql-operator/.tox/integration/lib/python3.10/site-packages/pluggy/_hooks.py\", line 501, in __call__\n    return self._hookexec(self.name, self._hookimpls.copy(), kwargs, firstresult)\n  File \"/home/runner/work/test-runners-github-postgresql-operator/test-runners-github-postgresql-operator/.tox/integration/lib/python3.10/site-packages/pluggy/_manager.py\", line 119, in _hookexec\n    return self._inner_hookexec(hook_name, methods, kwargs, firstresult)\n  File \"/home/runner/work/test-runners-github-postgresql-operator/test-runners-github-postgresql-operator/.tox/integration/lib/python3.10/site-packages/pluggy/_callers.py\", line 181, in _multicall\n    return outcome.get_result()\n  File \"/home/runner/work/test-runners-github-postgresql-operator/test-runners-github-postgresql-operator/.tox/integration/lib/python3.10/site-packages/pluggy/_result.py\", line 99, in get_result\n    raise exc.with_traceback(exc.__traceback__)\n  File \"/home/runner/work/test-runners-github-postgresql-operator/test-runners-github-postgresql-operator/.tox/integration/lib/python3.10/site-packages/pluggy/_callers.py\", line 102, in _multicall\n    res = hook_impl.function(*args)\n  File \"/home/runner/work/test-runners-github-postgresql-operator/test-runners-github-postgresql-operator/.tox/integration/lib/python3.10/site-packages/_pytest/python.py\", line 195, in pytest_pyfunc_call\n    result = testfunction(**testargs)\n  File \"/home/runner/work/test-runners-github-postgresql-operator/test-runners-github-postgresql-operator/.tox/integration/lib/python3.10/site-packages/pytest_asyncio/plugin.py\", line 532, in inner\n    _loop.run_until_complete(task)\n  File \"/usr/lib/python3.10/asyncio/base_events.py\", line 649, in run_until_complete\n    return future.result()\n  File \"/home/runner/work/test-runners-github-postgresql-operator/test-runners-github-postgresql-operator/tests/integration/test_charm.py\", line 291, in test_persist_data_through_primary_deletion\n    for attempt in Retrying(stop=stop_after_attempt(3), wait=wait_fixed(5), reraise=True):\n  File \"/home/runner/work/test-runners-github-postgresql-operator/test-runners-github-postgresql-operator/.tox/integration/lib/python3.10/site-packages/tenacity/__init__.py\", line 347, in __iter__\n    do = self.iter(retry_state=retry_state)\n  File \"/home/runner/work/test-runners-github-postgresql-operator/test-runners-github-postgresql-operator/.tox/integration/lib/python3.10/site-packages/tenacity/__init__.py\", line 325, in iter\n    raise retry_exc.reraise()\n  File \"/home/runner/work/test-runners-github-postgresql-operator/test-runners-github-postgresql-operator/.tox/integration/lib/python3.10/site-packages/tenacity/__init__.py\", line 158, in reraise\n    raise self.last_attempt.result()\n  File \"/usr/lib/python3.10/concurrent/futures/_base.py\", line 451, in result\n    return self.__get_result()\n  File \"/usr/lib/python3.10/concurrent/futures/_base.py\", line 403, in __get_result\n    raise self._exception\n  File \"/home/runner/work/test-runners-github-postgresql-operator/test-runners-github-postgresql-operator/tests/integration/test_charm.py\", line 294, in test_persist_data_through_primary_deletion\n    password = await get_password(ops_test, primary)\n  File \"/home/runner/work/test-runners-github-postgresql-operator/test-runners-github-postgresql-operator/tests/integration/helpers.py\", line 610, in get_password\n    action = await unit.run_action(\"get-password\", **{\"username\": username})\nAttributeError: 'NoneType' object has no attribute 'run_action'","flaky":false,"newFailed":false,"newBroken":true,"newPassed":false,"retriesCount":0,"retriesStatusChange":false,"beforeStages":[{"name":"event_loop","time":{"start":1716082045677,"stop":1716082045677,"duration":0},"status":"passed","steps":[],"attachments":[],"parameters":[],"stepsCount":0,"shouldDisplayMessage":false,"attachmentsCount":0,"hasContent":false,"attachmentStep":false},{"name":"tmp_path_factory","time":{"start":1716082045677,"stop":1716082045677,"duration":0},"status":"passed","steps":[],"attachments":[],"parameters":[],"stepsCount":0,"shouldDisplayMessage":false,"attachmentsCount":0,"hasContent":false,"attachmentStep":false},{"name":"ops_test","time":{"start":1716082045678,"stop":1716082045812,"duration":134},"status":"passed","steps":[],"attachments":[],"parameters":[],"stepsCount":0,"shouldDisplayMessage":false,"attachmentsCount":0,"hasContent":false,"attachmentStep":false},{"name":"abort_on_fail","time":{"start":1716084184884,"stop":1716084184884,"duration":0},"status":"passed","steps":[],"attachments":[],"parameters":[],"stepsCount":0,"shouldDisplayMessage":false,"attachmentsCount":0,"hasContent":false,"attachmentStep":false}],"testStage":{"description":"Test data persists through a primary deletion.","status":"broken","statusMessage":"AttributeError: 'NoneType' object has no attribute 'run_action'","statusTrace":"Traceback (most recent call last):\n  File \"/home/runner/work/test-runners-github-postgresql-operator/test-runners-github-postgresql-operator/.tox/integration/lib/python3.10/site-packages/_pytest/runner.py\", line 340, in from_call\n    result: Optional[TResult] = func()\n  File \"/home/runner/work/test-runners-github-postgresql-operator/test-runners-github-postgresql-operator/.tox/integration/lib/python3.10/site-packages/_pytest/runner.py\", line 240, in <lambda>\n    lambda: runtest_hook(item=item, **kwds), when=when, reraise=reraise\n  File \"/home/runner/work/test-runners-github-postgresql-operator/test-runners-github-postgresql-operator/.tox/integration/lib/python3.10/site-packages/pluggy/_hooks.py\", line 501, in __call__\n    return self._hookexec(self.name, self._hookimpls.copy(), kwargs, firstresult)\n  File \"/home/runner/work/test-runners-github-postgresql-operator/test-runners-github-postgresql-operator/.tox/integration/lib/python3.10/site-packages/pluggy/_manager.py\", line 119, in _hookexec\n    return self._inner_hookexec(hook_name, methods, kwargs, firstresult)\n  File \"/home/runner/work/test-runners-github-postgresql-operator/test-runners-github-postgresql-operator/.tox/integration/lib/python3.10/site-packages/pluggy/_callers.py\", line 181, in _multicall\n    return outcome.get_result()\n  File \"/home/runner/work/test-runners-github-postgresql-operator/test-runners-github-postgresql-operator/.tox/integration/lib/python3.10/site-packages/pluggy/_result.py\", line 99, in get_result\n    raise exc.with_traceback(exc.__traceback__)\n  File \"/home/runner/work/test-runners-github-postgresql-operator/test-runners-github-postgresql-operator/.tox/integration/lib/python3.10/site-packages/pluggy/_callers.py\", line 166, in _multicall\n    teardown.throw(outcome._exception)\n  File \"/home/runner/work/test-runners-github-postgresql-operator/test-runners-github-postgresql-operator/.tox/integration/lib/python3.10/site-packages/_pytest/threadexception.py\", line 87, in pytest_runtest_call\n    yield from thread_exception_runtest_hook()\n  File \"/home/runner/work/test-runners-github-postgresql-operator/test-runners-github-postgresql-operator/.tox/integration/lib/python3.10/site-packages/_pytest/threadexception.py\", line 63, in thread_exception_runtest_hook\n    yield\n  File \"/home/runner/work/test-runners-github-postgresql-operator/test-runners-github-postgresql-operator/.tox/integration/lib/python3.10/site-packages/pluggy/_callers.py\", line 166, in _multicall\n    teardown.throw(outcome._exception)\n  File \"/home/runner/work/test-runners-github-postgresql-operator/test-runners-github-postgresql-operator/.tox/integration/lib/python3.10/site-packages/_pytest/unraisableexception.py\", line 90, in pytest_runtest_call\n    yield from unraisable_exception_runtest_hook()\n  File \"/home/runner/work/test-runners-github-postgresql-operator/test-runners-github-postgresql-operator/.tox/integration/lib/python3.10/site-packages/_pytest/unraisableexception.py\", line 65, in unraisable_exception_runtest_hook\n    yield\n  File \"/home/runner/work/test-runners-github-postgresql-operator/test-runners-github-postgresql-operator/.tox/integration/lib/python3.10/site-packages/pluggy/_callers.py\", line 166, in _multicall\n    teardown.throw(outcome._exception)\n  File \"/home/runner/work/test-runners-github-postgresql-operator/test-runners-github-postgresql-operator/.tox/integration/lib/python3.10/site-packages/_pytest/logging.py\", line 849, in pytest_runtest_call\n    yield from self._runtest_for(item, \"call\")\n  File \"/home/runner/work/test-runners-github-postgresql-operator/test-runners-github-postgresql-operator/.tox/integration/lib/python3.10/site-packages/_pytest/logging.py\", line 832, in _runtest_for\n    yield\n  File \"/home/runner/work/test-runners-github-postgresql-operator/test-runners-github-postgresql-operator/.tox/integration/lib/python3.10/site-packages/pluggy/_callers.py\", line 166, in _multicall\n    teardown.throw(outcome._exception)\n  File \"/home/runner/work/test-runners-github-postgresql-operator/test-runners-github-postgresql-operator/.tox/integration/lib/python3.10/site-packages/_pytest/capture.py\", line 883, in pytest_runtest_call\n    return (yield)\n  File \"/home/runner/work/test-runners-github-postgresql-operator/test-runners-github-postgresql-operator/.tox/integration/lib/python3.10/site-packages/pluggy/_callers.py\", line 166, in _multicall\n    teardown.throw(outcome._exception)\n  File \"/home/runner/work/test-runners-github-postgresql-operator/test-runners-github-postgresql-operator/.tox/integration/lib/python3.10/site-packages/_pytest/skipping.py\", line 256, in pytest_runtest_call\n    return (yield)\n  File \"/home/runner/work/test-runners-github-postgresql-operator/test-runners-github-postgresql-operator/.tox/integration/lib/python3.10/site-packages/pluggy/_callers.py\", line 102, in _multicall\n    res = hook_impl.function(*args)\n  File \"/home/runner/work/test-runners-github-postgresql-operator/test-runners-github-postgresql-operator/.tox/integration/lib/python3.10/site-packages/_pytest/runner.py\", line 182, in pytest_runtest_call\n    raise e\n  File \"/home/runner/work/test-runners-github-postgresql-operator/test-runners-github-postgresql-operator/.tox/integration/lib/python3.10/site-packages/_pytest/runner.py\", line 172, in pytest_runtest_call\n    item.runtest()\n  File \"/home/runner/work/test-runners-github-postgresql-operator/test-runners-github-postgresql-operator/.tox/integration/lib/python3.10/site-packages/_pytest/python.py\", line 1772, in runtest\n    self.ihook.pytest_pyfunc_call(pyfuncitem=self)\n  File \"/home/runner/work/test-runners-github-postgresql-operator/test-runners-github-postgresql-operator/.tox/integration/lib/python3.10/site-packages/pluggy/_hooks.py\", line 501, in __call__\n    return self._hookexec(self.name, self._hookimpls.copy(), kwargs, firstresult)\n  File \"/home/runner/work/test-runners-github-postgresql-operator/test-runners-github-postgresql-operator/.tox/integration/lib/python3.10/site-packages/pluggy/_manager.py\", line 119, in _hookexec\n    return self._inner_hookexec(hook_name, methods, kwargs, firstresult)\n  File \"/home/runner/work/test-runners-github-postgresql-operator/test-runners-github-postgresql-operator/.tox/integration/lib/python3.10/site-packages/pluggy/_callers.py\", line 181, in _multicall\n    return outcome.get_result()\n  File \"/home/runner/work/test-runners-github-postgresql-operator/test-runners-github-postgresql-operator/.tox/integration/lib/python3.10/site-packages/pluggy/_result.py\", line 99, in get_result\n    raise exc.with_traceback(exc.__traceback__)\n  File \"/home/runner/work/test-runners-github-postgresql-operator/test-runners-github-postgresql-operator/.tox/integration/lib/python3.10/site-packages/pluggy/_callers.py\", line 102, in _multicall\n    res = hook_impl.function(*args)\n  File \"/home/runner/work/test-runners-github-postgresql-operator/test-runners-github-postgresql-operator/.tox/integration/lib/python3.10/site-packages/_pytest/python.py\", line 195, in pytest_pyfunc_call\n    result = testfunction(**testargs)\n  File \"/home/runner/work/test-runners-github-postgresql-operator/test-runners-github-postgresql-operator/.tox/integration/lib/python3.10/site-packages/pytest_asyncio/plugin.py\", line 532, in inner\n    _loop.run_until_complete(task)\n  File \"/usr/lib/python3.10/asyncio/base_events.py\", line 649, in run_until_complete\n    return future.result()\n  File \"/home/runner/work/test-runners-github-postgresql-operator/test-runners-github-postgresql-operator/tests/integration/test_charm.py\", line 291, in test_persist_data_through_primary_deletion\n    for attempt in Retrying(stop=stop_after_attempt(3), wait=wait_fixed(5), reraise=True):\n  File \"/home/runner/work/test-runners-github-postgresql-operator/test-runners-github-postgresql-operator/.tox/integration/lib/python3.10/site-packages/tenacity/__init__.py\", line 347, in __iter__\n    do = self.iter(retry_state=retry_state)\n  File \"/home/runner/work/test-runners-github-postgresql-operator/test-runners-github-postgresql-operator/.tox/integration/lib/python3.10/site-packages/tenacity/__init__.py\", line 325, in iter\n    raise retry_exc.reraise()\n  File \"/home/runner/work/test-runners-github-postgresql-operator/test-runners-github-postgresql-operator/.tox/integration/lib/python3.10/site-packages/tenacity/__init__.py\", line 158, in reraise\n    raise self.last_attempt.result()\n  File \"/usr/lib/python3.10/concurrent/futures/_base.py\", line 451, in result\n    return self.__get_result()\n  File \"/usr/lib/python3.10/concurrent/futures/_base.py\", line 403, in __get_result\n    raise self._exception\n  File \"/home/runner/work/test-runners-github-postgresql-operator/test-runners-github-postgresql-operator/tests/integration/test_charm.py\", line 294, in test_persist_data_through_primary_deletion\n    password = await get_password(ops_test, primary)\n  File \"/home/runner/work/test-runners-github-postgresql-operator/test-runners-github-postgresql-operator/tests/integration/helpers.py\", line 610, in get_password\n    action = await unit.run_action(\"get-password\", **{\"username\": username})\nAttributeError: 'NoneType' object has no attribute 'run_action'","steps":[],"attachments":[{"uid":"3b5bc51658d58264","name":"log","source":"3b5bc51658d58264.txt","type":"text/plain","size":9452}],"parameters":[],"stepsCount":0,"shouldDisplayMessage":true,"attachmentsCount":1,"hasContent":true,"attachmentStep":false},"afterStages":[{"name":"abort_on_fail::0","time":{"start":1716084197963,"stop":1716084197963,"duration":0},"status":"passed","steps":[],"attachments":[],"parameters":[],"stepsCount":0,"shouldDisplayMessage":false,"attachmentsCount":0,"hasContent":false,"attachmentStep":false},{"name":"ops_test::finalizer","time":{"start":1716084197964,"stop":1716084198477,"duration":513},"status":"passed","steps":[],"attachments":[],"parameters":[],"stepsCount":0,"shouldDisplayMessage":false,"attachmentsCount":0,"hasContent":false,"attachmentStep":false},{"name":"event_loop::2","time":{"start":1716084198478,"stop":1716084198478,"duration":0},"status":"passed","steps":[],"attachments":[],"parameters":[],"stepsCount":0,"shouldDisplayMessage":false,"attachmentsCount":0,"hasContent":false,"attachmentStep":false},{"name":"event_loop::_close_event_loop","time":{"start":1716084198478,"stop":1716084198478,"duration":0},"status":"passed","steps":[],"attachments":[],"parameters":[],"stepsCount":0,"shouldDisplayMessage":false,"attachmentsCount":0,"hasContent":false,"attachmentStep":false},{"name":"event_loop::_provide_clean_event_loop","time":{"start":1716084198478,"stop":1716084198478,"duration":0},"status":"passed","steps":[],"attachments":[],"parameters":[],"stepsCount":0,"shouldDisplayMessage":false,"attachmentsCount":0,"hasContent":false,"attachmentStep":false}],"labels":[{"name":"tag","value":"group(1)"},{"name":"tag","value":"asyncio"},{"name":"parentSuite","value":"tests.integration"},{"name":"suite","value":"test_charm"},{"name":"host","value":"fv-az1210-788"},{"name":"thread","value":"7043-MainThread"},{"name":"framework","value":"pytest"},{"name":"language","value":"cpython3"},{"name":"package","value":"tests.integration.test_charm"},{"name":"resultFormat","value":"allure2"}],"parameters":[],"links":[],"hidden":false,"retry":false,"extra":{"severity":"normal","retries":[],"categories":[{"name":"Test defects","matchedStatuses":[],"flaky":false}],"history":{"statistic":{"failed":0,"broken":8,"skipped":0,"passed":29,"unknown":0,"total":37},"items":[{"uid":"7fb58e5b133d45dc","reportUrl":"../49//#testresult/7fb58e5b133d45dc","status":"passed","time":{"start":1715911414866,"stop":1715911742150,"duration":327284}},{"uid":"a7220457e31037f6","reportUrl":"../48//#testresult/a7220457e31037f6","status":"passed","time":{"start":1715824806518,"stop":1715825138387,"duration":331869}},{"uid":"6d552869c370e247","reportUrl":"../47//#testresult/6d552869c370e247","status":"passed","time":{"start":1715738261284,"stop":1715738538218,"duration":276934}},{"uid":"69d3f7f2db935437","reportUrl":"../46//#testresult/69d3f7f2db935437","status":"passed","time":{"start":1715652159511,"stop":1715652449561,"duration":290050}},{"uid":"bc2b047b57a458b8","reportUrl":"../45//#testresult/bc2b047b57a458b8","status":"passed","time":{"start":1715565637188,"stop":1715565963148,"duration":325960}},{"uid":"be12f56132c0a260","reportUrl":"../44//#testresult/be12f56132c0a260","status":"passed","time":{"start":1715479259817,"stop":1715479636530,"duration":376713}},{"uid":"30f483dad61b8bae","reportUrl":"../42//#testresult/30f483dad61b8bae","status":"passed","time":{"start":1715393783598,"stop":1715394084505,"duration":300907}},{"uid":"164f6c301696145a","reportUrl":"../41//#testresult/164f6c301696145a","status":"passed","time":{"start":1715306123653,"stop":1715306432327,"duration":308674}},{"uid":"59e5dc1a7ed69987","reportUrl":"../40//#testresult/59e5dc1a7ed69987","status":"passed","time":{"start":1715220045634,"stop":1715220350431,"duration":304797}},{"uid":"245a04054ab8bffd","reportUrl":"../39//#testresult/245a04054ab8bffd","status":"passed","time":{"start":1715133165742,"stop":1715133418726,"duration":252984}},{"uid":"2155374ce9f75b46","reportUrl":"../38//#testresult/2155374ce9f75b46","status":"broken","statusDetails":"AttributeError: 'NoneType' object has no attribute 'run_action'","time":{"start":1715047452902,"stop":1715047465971,"duration":13069}},{"uid":"ea6dd4624373812","reportUrl":"../35//#testresult/ea6dd4624373812","status":"broken","statusDetails":"AttributeError: 'NoneType' object has no attribute 'run_action'","time":{"start":1714960632297,"stop":1714960645398,"duration":13101}},{"uid":"de240cc353f0e2e6","reportUrl":"../34//#testresult/de240cc353f0e2e6","status":"passed","time":{"start":1714874239494,"stop":1714874516360,"duration":276866}},{"uid":"ee53e3bfbd6438b4","reportUrl":"../33//#testresult/ee53e3bfbd6438b4","status":"passed","time":{"start":1714788753437,"stop":1714789068312,"duration":314875}},{"uid":"74827ba027e79c60","reportUrl":"../32//#testresult/74827ba027e79c60","status":"passed","time":{"start":1714701445301,"stop":1714701733824,"duration":288523}},{"uid":"424702a4d1d15cb3","reportUrl":"../31//#testresult/424702a4d1d15cb3","status":"passed","time":{"start":1714615472246,"stop":1714615740860,"duration":268614}},{"uid":"e2f282cc932c5881","reportUrl":"../30//#testresult/e2f282cc932c5881","status":"broken","statusDetails":"AttributeError: 'NoneType' object has no attribute 'run_action'","time":{"start":1714528812105,"stop":1714528825174,"duration":13069}},{"uid":"712df789506dd80c","reportUrl":"../28//#testresult/712df789506dd80c","status":"passed","time":{"start":1714442294725,"stop":1714442566151,"duration":271426}},{"uid":"30994f81ced74787","reportUrl":"../27//#testresult/30994f81ced74787","status":"broken","statusDetails":"AttributeError: 'NoneType' object has no attribute 'run_action'","time":{"start":1714356921796,"stop":1714356934868,"duration":13072}},{"uid":"970e8e827e3a994d","reportUrl":"../26//#testresult/970e8e827e3a994d","status":"broken","statusDetails":"AttributeError: 'NoneType' object has no attribute 'run_action'","time":{"start":1714269557190,"stop":1714269571292,"duration":14102}}]},"tags":["asyncio","group(1)"]},"source":"c29c92d7f84dc702.json","parameterValues":[]}