{"uid":"9442a9527d501af7","name":"test_scale_down_and_up","fullName":"tests.integration.test_charm#test_scale_down_and_up","historyId":"929fcb6a586b41892b25b75060c2abaa","time":{"start":1713577786739,"stop":1713579786980,"duration":2000241},"description":"Test data is replicated to new units after a scale up.","descriptionHtml":"<p>Test data is replicated to new units after a scale up.</p>\n","status":"broken","statusMessage":"asyncio.exceptions.TimeoutError: Timed out waiting for model:\npostgresql/1 [idle] active: \n  postgresql/2 [idle] waiting: awaiting for member to start","statusTrace":"Traceback (most recent call last):\n  File \"/home/runner/work/test-runners-github-postgresql-operator/test-runners-github-postgresql-operator/.tox/integration/lib/python3.10/site-packages/_pytest/runner.py\", line 340, in from_call\n    result: Optional[TResult] = func()\n  File \"/home/runner/work/test-runners-github-postgresql-operator/test-runners-github-postgresql-operator/.tox/integration/lib/python3.10/site-packages/_pytest/runner.py\", line 240, in <lambda>\n    lambda: runtest_hook(item=item, **kwds), when=when, reraise=reraise\n  File \"/home/runner/work/test-runners-github-postgresql-operator/test-runners-github-postgresql-operator/.tox/integration/lib/python3.10/site-packages/pluggy/_hooks.py\", line 501, in __call__\n    return self._hookexec(self.name, self._hookimpls.copy(), kwargs, firstresult)\n  File \"/home/runner/work/test-runners-github-postgresql-operator/test-runners-github-postgresql-operator/.tox/integration/lib/python3.10/site-packages/pluggy/_manager.py\", line 119, in _hookexec\n    return self._inner_hookexec(hook_name, methods, kwargs, firstresult)\n  File \"/home/runner/work/test-runners-github-postgresql-operator/test-runners-github-postgresql-operator/.tox/integration/lib/python3.10/site-packages/pluggy/_callers.py\", line 181, in _multicall\n    return outcome.get_result()\n  File \"/home/runner/work/test-runners-github-postgresql-operator/test-runners-github-postgresql-operator/.tox/integration/lib/python3.10/site-packages/pluggy/_result.py\", line 99, in get_result\n    raise exc.with_traceback(exc.__traceback__)\n  File \"/home/runner/work/test-runners-github-postgresql-operator/test-runners-github-postgresql-operator/.tox/integration/lib/python3.10/site-packages/pluggy/_callers.py\", line 166, in _multicall\n    teardown.throw(outcome._exception)\n  File \"/home/runner/work/test-runners-github-postgresql-operator/test-runners-github-postgresql-operator/.tox/integration/lib/python3.10/site-packages/_pytest/threadexception.py\", line 87, in pytest_runtest_call\n    yield from thread_exception_runtest_hook()\n  File \"/home/runner/work/test-runners-github-postgresql-operator/test-runners-github-postgresql-operator/.tox/integration/lib/python3.10/site-packages/_pytest/threadexception.py\", line 63, in thread_exception_runtest_hook\n    yield\n  File \"/home/runner/work/test-runners-github-postgresql-operator/test-runners-github-postgresql-operator/.tox/integration/lib/python3.10/site-packages/pluggy/_callers.py\", line 166, in _multicall\n    teardown.throw(outcome._exception)\n  File \"/home/runner/work/test-runners-github-postgresql-operator/test-runners-github-postgresql-operator/.tox/integration/lib/python3.10/site-packages/_pytest/unraisableexception.py\", line 90, in pytest_runtest_call\n    yield from unraisable_exception_runtest_hook()\n  File \"/home/runner/work/test-runners-github-postgresql-operator/test-runners-github-postgresql-operator/.tox/integration/lib/python3.10/site-packages/_pytest/unraisableexception.py\", line 65, in unraisable_exception_runtest_hook\n    yield\n  File \"/home/runner/work/test-runners-github-postgresql-operator/test-runners-github-postgresql-operator/.tox/integration/lib/python3.10/site-packages/pluggy/_callers.py\", line 166, in _multicall\n    teardown.throw(outcome._exception)\n  File \"/home/runner/work/test-runners-github-postgresql-operator/test-runners-github-postgresql-operator/.tox/integration/lib/python3.10/site-packages/_pytest/logging.py\", line 849, in pytest_runtest_call\n    yield from self._runtest_for(item, \"call\")\n  File \"/home/runner/work/test-runners-github-postgresql-operator/test-runners-github-postgresql-operator/.tox/integration/lib/python3.10/site-packages/_pytest/logging.py\", line 832, in _runtest_for\n    yield\n  File \"/home/runner/work/test-runners-github-postgresql-operator/test-runners-github-postgresql-operator/.tox/integration/lib/python3.10/site-packages/pluggy/_callers.py\", line 166, in _multicall\n    teardown.throw(outcome._exception)\n  File \"/home/runner/work/test-runners-github-postgresql-operator/test-runners-github-postgresql-operator/.tox/integration/lib/python3.10/site-packages/_pytest/capture.py\", line 883, in pytest_runtest_call\n    return (yield)\n  File \"/home/runner/work/test-runners-github-postgresql-operator/test-runners-github-postgresql-operator/.tox/integration/lib/python3.10/site-packages/pluggy/_callers.py\", line 166, in _multicall\n    teardown.throw(outcome._exception)\n  File \"/home/runner/work/test-runners-github-postgresql-operator/test-runners-github-postgresql-operator/.tox/integration/lib/python3.10/site-packages/_pytest/skipping.py\", line 256, in pytest_runtest_call\n    return (yield)\n  File \"/home/runner/work/test-runners-github-postgresql-operator/test-runners-github-postgresql-operator/.tox/integration/lib/python3.10/site-packages/pluggy/_callers.py\", line 102, in _multicall\n    res = hook_impl.function(*args)\n  File \"/home/runner/work/test-runners-github-postgresql-operator/test-runners-github-postgresql-operator/.tox/integration/lib/python3.10/site-packages/_pytest/runner.py\", line 182, in pytest_runtest_call\n    raise e\n  File \"/home/runner/work/test-runners-github-postgresql-operator/test-runners-github-postgresql-operator/.tox/integration/lib/python3.10/site-packages/_pytest/runner.py\", line 172, in pytest_runtest_call\n    item.runtest()\n  File \"/home/runner/work/test-runners-github-postgresql-operator/test-runners-github-postgresql-operator/.tox/integration/lib/python3.10/site-packages/_pytest/python.py\", line 1772, in runtest\n    self.ihook.pytest_pyfunc_call(pyfuncitem=self)\n  File \"/home/runner/work/test-runners-github-postgresql-operator/test-runners-github-postgresql-operator/.tox/integration/lib/python3.10/site-packages/pluggy/_hooks.py\", line 501, in __call__\n    return self._hookexec(self.name, self._hookimpls.copy(), kwargs, firstresult)\n  File \"/home/runner/work/test-runners-github-postgresql-operator/test-runners-github-postgresql-operator/.tox/integration/lib/python3.10/site-packages/pluggy/_manager.py\", line 119, in _hookexec\n    return self._inner_hookexec(hook_name, methods, kwargs, firstresult)\n  File \"/home/runner/work/test-runners-github-postgresql-operator/test-runners-github-postgresql-operator/.tox/integration/lib/python3.10/site-packages/pluggy/_callers.py\", line 181, in _multicall\n    return outcome.get_result()\n  File \"/home/runner/work/test-runners-github-postgresql-operator/test-runners-github-postgresql-operator/.tox/integration/lib/python3.10/site-packages/pluggy/_result.py\", line 99, in get_result\n    raise exc.with_traceback(exc.__traceback__)\n  File \"/home/runner/work/test-runners-github-postgresql-operator/test-runners-github-postgresql-operator/.tox/integration/lib/python3.10/site-packages/pluggy/_callers.py\", line 102, in _multicall\n    res = hook_impl.function(*args)\n  File \"/home/runner/work/test-runners-github-postgresql-operator/test-runners-github-postgresql-operator/.tox/integration/lib/python3.10/site-packages/_pytest/python.py\", line 195, in pytest_pyfunc_call\n    result = testfunction(**testargs)\n  File \"/home/runner/work/test-runners-github-postgresql-operator/test-runners-github-postgresql-operator/.tox/integration/lib/python3.10/site-packages/pytest_asyncio/plugin.py\", line 532, in inner\n    _loop.run_until_complete(task)\n  File \"/usr/lib/python3.10/asyncio/base_events.py\", line 649, in run_until_complete\n    return future.result()\n  File \"/home/runner/work/test-runners-github-postgresql-operator/test-runners-github-postgresql-operator/tests/integration/test_charm.py\", line 209, in test_scale_down_and_up\n    await scale_application(ops_test, DATABASE_APP_NAME, initial_scale)\n  File \"/home/runner/work/test-runners-github-postgresql-operator/test-runners-github-postgresql-operator/tests/integration/helpers.py\", line 886, in scale_application\n    await ops_test.model.wait_for_idle(\n  File \"/home/runner/work/test-runners-github-postgresql-operator/test-runners-github-postgresql-operator/.tox/integration/lib/python3.10/site-packages/juju/model.py\", line 2956, in wait_for_idle\n    raise jasyncio.TimeoutError(\"Timed out waiting for model:\\n\" + busy)\nasyncio.exceptions.TimeoutError: Timed out waiting for model:\npostgresql/1 [idle] active: \n  postgresql/2 [idle] waiting: awaiting for member to start","flaky":false,"newFailed":false,"newBroken":true,"newPassed":false,"retriesCount":0,"retriesStatusChange":false,"beforeStages":[{"name":"tmp_path_factory","time":{"start":1713576453236,"stop":1713576453237,"duration":1},"status":"passed","steps":[],"attachments":[],"parameters":[],"stepsCount":0,"shouldDisplayMessage":false,"attachmentsCount":0,"hasContent":false,"attachmentStep":false},{"name":"event_loop","time":{"start":1713576453236,"stop":1713576453236,"duration":0},"status":"passed","steps":[],"attachments":[],"parameters":[],"stepsCount":0,"shouldDisplayMessage":false,"attachmentsCount":0,"hasContent":false,"attachmentStep":false},{"name":"ops_test","time":{"start":1713576453237,"stop":1713576453374,"duration":137},"status":"passed","steps":[],"attachments":[],"parameters":[],"stepsCount":0,"shouldDisplayMessage":false,"attachmentsCount":0,"hasContent":false,"attachmentStep":false},{"name":"abort_on_fail","time":{"start":1713577786738,"stop":1713577786739,"duration":1},"status":"passed","steps":[],"attachments":[],"parameters":[],"stepsCount":0,"shouldDisplayMessage":false,"attachmentsCount":0,"hasContent":false,"attachmentStep":false}],"testStage":{"description":"Test data is replicated to new units after a scale up.","status":"broken","statusMessage":"asyncio.exceptions.TimeoutError: Timed out waiting for model:\npostgresql/1 [idle] active: \n  postgresql/2 [idle] waiting: awaiting for member to start","statusTrace":"Traceback (most recent call last):\n  File \"/home/runner/work/test-runners-github-postgresql-operator/test-runners-github-postgresql-operator/.tox/integration/lib/python3.10/site-packages/_pytest/runner.py\", line 340, in from_call\n    result: Optional[TResult] = func()\n  File \"/home/runner/work/test-runners-github-postgresql-operator/test-runners-github-postgresql-operator/.tox/integration/lib/python3.10/site-packages/_pytest/runner.py\", line 240, in <lambda>\n    lambda: runtest_hook(item=item, **kwds), when=when, reraise=reraise\n  File \"/home/runner/work/test-runners-github-postgresql-operator/test-runners-github-postgresql-operator/.tox/integration/lib/python3.10/site-packages/pluggy/_hooks.py\", line 501, in __call__\n    return self._hookexec(self.name, self._hookimpls.copy(), kwargs, firstresult)\n  File \"/home/runner/work/test-runners-github-postgresql-operator/test-runners-github-postgresql-operator/.tox/integration/lib/python3.10/site-packages/pluggy/_manager.py\", line 119, in _hookexec\n    return self._inner_hookexec(hook_name, methods, kwargs, firstresult)\n  File \"/home/runner/work/test-runners-github-postgresql-operator/test-runners-github-postgresql-operator/.tox/integration/lib/python3.10/site-packages/pluggy/_callers.py\", line 181, in _multicall\n    return outcome.get_result()\n  File \"/home/runner/work/test-runners-github-postgresql-operator/test-runners-github-postgresql-operator/.tox/integration/lib/python3.10/site-packages/pluggy/_result.py\", line 99, in get_result\n    raise exc.with_traceback(exc.__traceback__)\n  File \"/home/runner/work/test-runners-github-postgresql-operator/test-runners-github-postgresql-operator/.tox/integration/lib/python3.10/site-packages/pluggy/_callers.py\", line 166, in _multicall\n    teardown.throw(outcome._exception)\n  File \"/home/runner/work/test-runners-github-postgresql-operator/test-runners-github-postgresql-operator/.tox/integration/lib/python3.10/site-packages/_pytest/threadexception.py\", line 87, in pytest_runtest_call\n    yield from thread_exception_runtest_hook()\n  File \"/home/runner/work/test-runners-github-postgresql-operator/test-runners-github-postgresql-operator/.tox/integration/lib/python3.10/site-packages/_pytest/threadexception.py\", line 63, in thread_exception_runtest_hook\n    yield\n  File \"/home/runner/work/test-runners-github-postgresql-operator/test-runners-github-postgresql-operator/.tox/integration/lib/python3.10/site-packages/pluggy/_callers.py\", line 166, in _multicall\n    teardown.throw(outcome._exception)\n  File \"/home/runner/work/test-runners-github-postgresql-operator/test-runners-github-postgresql-operator/.tox/integration/lib/python3.10/site-packages/_pytest/unraisableexception.py\", line 90, in pytest_runtest_call\n    yield from unraisable_exception_runtest_hook()\n  File \"/home/runner/work/test-runners-github-postgresql-operator/test-runners-github-postgresql-operator/.tox/integration/lib/python3.10/site-packages/_pytest/unraisableexception.py\", line 65, in unraisable_exception_runtest_hook\n    yield\n  File \"/home/runner/work/test-runners-github-postgresql-operator/test-runners-github-postgresql-operator/.tox/integration/lib/python3.10/site-packages/pluggy/_callers.py\", line 166, in _multicall\n    teardown.throw(outcome._exception)\n  File \"/home/runner/work/test-runners-github-postgresql-operator/test-runners-github-postgresql-operator/.tox/integration/lib/python3.10/site-packages/_pytest/logging.py\", line 849, in pytest_runtest_call\n    yield from self._runtest_for(item, \"call\")\n  File \"/home/runner/work/test-runners-github-postgresql-operator/test-runners-github-postgresql-operator/.tox/integration/lib/python3.10/site-packages/_pytest/logging.py\", line 832, in _runtest_for\n    yield\n  File \"/home/runner/work/test-runners-github-postgresql-operator/test-runners-github-postgresql-operator/.tox/integration/lib/python3.10/site-packages/pluggy/_callers.py\", line 166, in _multicall\n    teardown.throw(outcome._exception)\n  File \"/home/runner/work/test-runners-github-postgresql-operator/test-runners-github-postgresql-operator/.tox/integration/lib/python3.10/site-packages/_pytest/capture.py\", line 883, in pytest_runtest_call\n    return (yield)\n  File \"/home/runner/work/test-runners-github-postgresql-operator/test-runners-github-postgresql-operator/.tox/integration/lib/python3.10/site-packages/pluggy/_callers.py\", line 166, in _multicall\n    teardown.throw(outcome._exception)\n  File \"/home/runner/work/test-runners-github-postgresql-operator/test-runners-github-postgresql-operator/.tox/integration/lib/python3.10/site-packages/_pytest/skipping.py\", line 256, in pytest_runtest_call\n    return (yield)\n  File \"/home/runner/work/test-runners-github-postgresql-operator/test-runners-github-postgresql-operator/.tox/integration/lib/python3.10/site-packages/pluggy/_callers.py\", line 102, in _multicall\n    res = hook_impl.function(*args)\n  File \"/home/runner/work/test-runners-github-postgresql-operator/test-runners-github-postgresql-operator/.tox/integration/lib/python3.10/site-packages/_pytest/runner.py\", line 182, in pytest_runtest_call\n    raise e\n  File \"/home/runner/work/test-runners-github-postgresql-operator/test-runners-github-postgresql-operator/.tox/integration/lib/python3.10/site-packages/_pytest/runner.py\", line 172, in pytest_runtest_call\n    item.runtest()\n  File \"/home/runner/work/test-runners-github-postgresql-operator/test-runners-github-postgresql-operator/.tox/integration/lib/python3.10/site-packages/_pytest/python.py\", line 1772, in runtest\n    self.ihook.pytest_pyfunc_call(pyfuncitem=self)\n  File \"/home/runner/work/test-runners-github-postgresql-operator/test-runners-github-postgresql-operator/.tox/integration/lib/python3.10/site-packages/pluggy/_hooks.py\", line 501, in __call__\n    return self._hookexec(self.name, self._hookimpls.copy(), kwargs, firstresult)\n  File \"/home/runner/work/test-runners-github-postgresql-operator/test-runners-github-postgresql-operator/.tox/integration/lib/python3.10/site-packages/pluggy/_manager.py\", line 119, in _hookexec\n    return self._inner_hookexec(hook_name, methods, kwargs, firstresult)\n  File \"/home/runner/work/test-runners-github-postgresql-operator/test-runners-github-postgresql-operator/.tox/integration/lib/python3.10/site-packages/pluggy/_callers.py\", line 181, in _multicall\n    return outcome.get_result()\n  File \"/home/runner/work/test-runners-github-postgresql-operator/test-runners-github-postgresql-operator/.tox/integration/lib/python3.10/site-packages/pluggy/_result.py\", line 99, in get_result\n    raise exc.with_traceback(exc.__traceback__)\n  File \"/home/runner/work/test-runners-github-postgresql-operator/test-runners-github-postgresql-operator/.tox/integration/lib/python3.10/site-packages/pluggy/_callers.py\", line 102, in _multicall\n    res = hook_impl.function(*args)\n  File \"/home/runner/work/test-runners-github-postgresql-operator/test-runners-github-postgresql-operator/.tox/integration/lib/python3.10/site-packages/_pytest/python.py\", line 195, in pytest_pyfunc_call\n    result = testfunction(**testargs)\n  File \"/home/runner/work/test-runners-github-postgresql-operator/test-runners-github-postgresql-operator/.tox/integration/lib/python3.10/site-packages/pytest_asyncio/plugin.py\", line 532, in inner\n    _loop.run_until_complete(task)\n  File \"/usr/lib/python3.10/asyncio/base_events.py\", line 649, in run_until_complete\n    return future.result()\n  File \"/home/runner/work/test-runners-github-postgresql-operator/test-runners-github-postgresql-operator/tests/integration/test_charm.py\", line 209, in test_scale_down_and_up\n    await scale_application(ops_test, DATABASE_APP_NAME, initial_scale)\n  File \"/home/runner/work/test-runners-github-postgresql-operator/test-runners-github-postgresql-operator/tests/integration/helpers.py\", line 886, in scale_application\n    await ops_test.model.wait_for_idle(\n  File \"/home/runner/work/test-runners-github-postgresql-operator/test-runners-github-postgresql-operator/.tox/integration/lib/python3.10/site-packages/juju/model.py\", line 2956, in wait_for_idle\n    raise jasyncio.TimeoutError(\"Timed out waiting for model:\\n\" + busy)\nasyncio.exceptions.TimeoutError: Timed out waiting for model:\npostgresql/1 [idle] active: \n  postgresql/2 [idle] waiting: awaiting for member to start","steps":[],"attachments":[{"uid":"5353e4b98835a1a6","name":"log","source":"5353e4b98835a1a6.txt","type":"text/plain","size":9233}],"parameters":[],"stepsCount":0,"shouldDisplayMessage":true,"attachmentsCount":1,"hasContent":true,"attachmentStep":false},"afterStages":[{"name":"abort_on_fail::0","time":{"start":1713579786981,"stop":1713579786981,"duration":0},"status":"passed","steps":[],"attachments":[],"parameters":[],"stepsCount":0,"shouldDisplayMessage":false,"attachmentsCount":0,"hasContent":false,"attachmentStep":false},{"name":"ops_test::finalizer","time":{"start":1713581289712,"stop":1713581290029,"duration":317},"status":"passed","steps":[],"attachments":[],"parameters":[],"stepsCount":0,"shouldDisplayMessage":false,"attachmentsCount":0,"hasContent":false,"attachmentStep":false},{"name":"event_loop::2","time":{"start":1713581290030,"stop":1713581290030,"duration":0},"status":"passed","steps":[],"attachments":[],"parameters":[],"stepsCount":0,"shouldDisplayMessage":false,"attachmentsCount":0,"hasContent":false,"attachmentStep":false},{"name":"event_loop::_close_event_loop","time":{"start":1713581290030,"stop":1713581290030,"duration":0},"status":"passed","steps":[],"attachments":[],"parameters":[],"stepsCount":0,"shouldDisplayMessage":false,"attachmentsCount":0,"hasContent":false,"attachmentStep":false},{"name":"event_loop::_provide_clean_event_loop","time":{"start":1713581290030,"stop":1713581290030,"duration":0},"status":"passed","steps":[],"attachments":[],"parameters":[],"stepsCount":0,"shouldDisplayMessage":false,"attachmentsCount":0,"hasContent":false,"attachmentStep":false}],"labels":[{"name":"tag","value":"group(1)"},{"name":"tag","value":"asyncio"},{"name":"parentSuite","value":"tests.integration"},{"name":"suite","value":"test_charm"},{"name":"host","value":"fv-az1385-776"},{"name":"thread","value":"8325-MainThread"},{"name":"framework","value":"pytest"},{"name":"language","value":"cpython3"},{"name":"package","value":"tests.integration.test_charm"},{"name":"resultFormat","value":"allure2"}],"parameters":[],"links":[],"hidden":false,"retry":false,"extra":{"severity":"normal","retries":[],"categories":[{"name":"Test defects","matchedStatuses":[],"flaky":false}],"history":{"statistic":{"failed":0,"broken":1,"skipped":0,"passed":8,"unknown":0,"total":9},"items":[{"uid":"bf7bcf1c2f3bf811","reportUrl":"../15//#testresult/bf7bcf1c2f3bf811","status":"passed","time":{"start":1713491628961,"stop":1713492723670,"duration":1094709}},{"uid":"e530b47bbdfd6bfc","reportUrl":"../14//#testresult/e530b47bbdfd6bfc","status":"passed","time":{"start":1713404391327,"stop":1713405606775,"duration":1215448}},{"uid":"d2c77222aa0ba3ba","reportUrl":"../13//#testresult/d2c77222aa0ba3ba","status":"passed","time":{"start":1713318141828,"stop":1713319416182,"duration":1274354}},{"uid":"43e665ae6b8620fe","reportUrl":"../8//#testresult/43e665ae6b8620fe","status":"passed","time":{"start":1713231827496,"stop":1713233135327,"duration":1307831}},{"uid":"c26decc06047fee0","reportUrl":"../7//#testresult/c26decc06047fee0","status":"passed","time":{"start":1713150478670,"stop":1713151489410,"duration":1010740}},{"uid":"16afdc381d49f592","reportUrl":"../6//#testresult/16afdc381d49f592","status":"passed","time":{"start":1713059162799,"stop":1713060429175,"duration":1266376}},{"uid":"c4eaedafa1418ce2","reportUrl":"../4//#testresult/c4eaedafa1418ce2","status":"passed","time":{"start":1712972241773,"stop":1712973367149,"duration":1125376}},{"uid":"1c143ca008a93276","reportUrl":"../2//#testresult/1c143ca008a93276","status":"passed","time":{"start":1712886294613,"stop":1712887276876,"duration":982263}}]},"tags":["asyncio","group(1)"]},"source":"9442a9527d501af7.json","parameterValues":[]}