{"uid":"1cc5f10ff5dea902","name":"test_persist_data_through_primary_deletion","fullName":"tests.integration.test_charm#test_persist_data_through_primary_deletion","historyId":"9d1cbaaaf2bdf66102409771e5d14ec7","time":{"start":1717207709245,"stop":1717207723384,"duration":14139},"description":"Test data persists through a primary deletion.","descriptionHtml":"<p>Test data persists through a primary deletion.</p>\n","status":"broken","statusMessage":"AttributeError: 'NoneType' object has no attribute 'run_action'","statusTrace":"Traceback (most recent call last):\n  File \"/home/runner/work/test-runners-github-postgresql-operator/test-runners-github-postgresql-operator/.tox/integration/lib/python3.10/site-packages/_pytest/runner.py\", line 340, in from_call\n    result: Optional[TResult] = func()\n  File \"/home/runner/work/test-runners-github-postgresql-operator/test-runners-github-postgresql-operator/.tox/integration/lib/python3.10/site-packages/_pytest/runner.py\", line 240, in <lambda>\n    lambda: runtest_hook(item=item, **kwds), when=when, reraise=reraise\n  File \"/home/runner/work/test-runners-github-postgresql-operator/test-runners-github-postgresql-operator/.tox/integration/lib/python3.10/site-packages/pluggy/_hooks.py\", line 501, in __call__\n    return self._hookexec(self.name, self._hookimpls.copy(), kwargs, firstresult)\n  File \"/home/runner/work/test-runners-github-postgresql-operator/test-runners-github-postgresql-operator/.tox/integration/lib/python3.10/site-packages/pluggy/_manager.py\", line 119, in _hookexec\n    return self._inner_hookexec(hook_name, methods, kwargs, firstresult)\n  File \"/home/runner/work/test-runners-github-postgresql-operator/test-runners-github-postgresql-operator/.tox/integration/lib/python3.10/site-packages/pluggy/_callers.py\", line 181, in _multicall\n    return outcome.get_result()\n  File \"/home/runner/work/test-runners-github-postgresql-operator/test-runners-github-postgresql-operator/.tox/integration/lib/python3.10/site-packages/pluggy/_result.py\", line 99, in get_result\n    raise exc.with_traceback(exc.__traceback__)\n  File \"/home/runner/work/test-runners-github-postgresql-operator/test-runners-github-postgresql-operator/.tox/integration/lib/python3.10/site-packages/pluggy/_callers.py\", line 166, in _multicall\n    teardown.throw(outcome._exception)\n  File \"/home/runner/work/test-runners-github-postgresql-operator/test-runners-github-postgresql-operator/.tox/integration/lib/python3.10/site-packages/_pytest/threadexception.py\", line 87, in pytest_runtest_call\n    yield from thread_exception_runtest_hook()\n  File \"/home/runner/work/test-runners-github-postgresql-operator/test-runners-github-postgresql-operator/.tox/integration/lib/python3.10/site-packages/_pytest/threadexception.py\", line 63, in thread_exception_runtest_hook\n    yield\n  File \"/home/runner/work/test-runners-github-postgresql-operator/test-runners-github-postgresql-operator/.tox/integration/lib/python3.10/site-packages/pluggy/_callers.py\", line 166, in _multicall\n    teardown.throw(outcome._exception)\n  File \"/home/runner/work/test-runners-github-postgresql-operator/test-runners-github-postgresql-operator/.tox/integration/lib/python3.10/site-packages/_pytest/unraisableexception.py\", line 90, in pytest_runtest_call\n    yield from unraisable_exception_runtest_hook()\n  File \"/home/runner/work/test-runners-github-postgresql-operator/test-runners-github-postgresql-operator/.tox/integration/lib/python3.10/site-packages/_pytest/unraisableexception.py\", line 65, in unraisable_exception_runtest_hook\n    yield\n  File \"/home/runner/work/test-runners-github-postgresql-operator/test-runners-github-postgresql-operator/.tox/integration/lib/python3.10/site-packages/pluggy/_callers.py\", line 166, in _multicall\n    teardown.throw(outcome._exception)\n  File \"/home/runner/work/test-runners-github-postgresql-operator/test-runners-github-postgresql-operator/.tox/integration/lib/python3.10/site-packages/_pytest/logging.py\", line 849, in pytest_runtest_call\n    yield from self._runtest_for(item, \"call\")\n  File \"/home/runner/work/test-runners-github-postgresql-operator/test-runners-github-postgresql-operator/.tox/integration/lib/python3.10/site-packages/_pytest/logging.py\", line 832, in _runtest_for\n    yield\n  File \"/home/runner/work/test-runners-github-postgresql-operator/test-runners-github-postgresql-operator/.tox/integration/lib/python3.10/site-packages/pluggy/_callers.py\", line 166, in _multicall\n    teardown.throw(outcome._exception)\n  File \"/home/runner/work/test-runners-github-postgresql-operator/test-runners-github-postgresql-operator/.tox/integration/lib/python3.10/site-packages/_pytest/capture.py\", line 883, in pytest_runtest_call\n    return (yield)\n  File \"/home/runner/work/test-runners-github-postgresql-operator/test-runners-github-postgresql-operator/.tox/integration/lib/python3.10/site-packages/pluggy/_callers.py\", line 166, in _multicall\n    teardown.throw(outcome._exception)\n  File \"/home/runner/work/test-runners-github-postgresql-operator/test-runners-github-postgresql-operator/.tox/integration/lib/python3.10/site-packages/_pytest/skipping.py\", line 256, in pytest_runtest_call\n    return (yield)\n  File \"/home/runner/work/test-runners-github-postgresql-operator/test-runners-github-postgresql-operator/.tox/integration/lib/python3.10/site-packages/pluggy/_callers.py\", line 102, in _multicall\n    res = hook_impl.function(*args)\n  File \"/home/runner/work/test-runners-github-postgresql-operator/test-runners-github-postgresql-operator/.tox/integration/lib/python3.10/site-packages/_pytest/runner.py\", line 182, in pytest_runtest_call\n    raise e\n  File \"/home/runner/work/test-runners-github-postgresql-operator/test-runners-github-postgresql-operator/.tox/integration/lib/python3.10/site-packages/_pytest/runner.py\", line 172, in pytest_runtest_call\n    item.runtest()\n  File \"/home/runner/work/test-runners-github-postgresql-operator/test-runners-github-postgresql-operator/.tox/integration/lib/python3.10/site-packages/_pytest/python.py\", line 1772, in runtest\n    self.ihook.pytest_pyfunc_call(pyfuncitem=self)\n  File \"/home/runner/work/test-runners-github-postgresql-operator/test-runners-github-postgresql-operator/.tox/integration/lib/python3.10/site-packages/pluggy/_hooks.py\", line 501, in __call__\n    return self._hookexec(self.name, self._hookimpls.copy(), kwargs, firstresult)\n  File \"/home/runner/work/test-runners-github-postgresql-operator/test-runners-github-postgresql-operator/.tox/integration/lib/python3.10/site-packages/pluggy/_manager.py\", line 119, in _hookexec\n    return self._inner_hookexec(hook_name, methods, kwargs, firstresult)\n  File \"/home/runner/work/test-runners-github-postgresql-operator/test-runners-github-postgresql-operator/.tox/integration/lib/python3.10/site-packages/pluggy/_callers.py\", line 181, in _multicall\n    return outcome.get_result()\n  File \"/home/runner/work/test-runners-github-postgresql-operator/test-runners-github-postgresql-operator/.tox/integration/lib/python3.10/site-packages/pluggy/_result.py\", line 99, in get_result\n    raise exc.with_traceback(exc.__traceback__)\n  File \"/home/runner/work/test-runners-github-postgresql-operator/test-runners-github-postgresql-operator/.tox/integration/lib/python3.10/site-packages/pluggy/_callers.py\", line 102, in _multicall\n    res = hook_impl.function(*args)\n  File \"/home/runner/work/test-runners-github-postgresql-operator/test-runners-github-postgresql-operator/.tox/integration/lib/python3.10/site-packages/_pytest/python.py\", line 195, in pytest_pyfunc_call\n    result = testfunction(**testargs)\n  File \"/home/runner/work/test-runners-github-postgresql-operator/test-runners-github-postgresql-operator/.tox/integration/lib/python3.10/site-packages/pytest_asyncio/plugin.py\", line 532, in inner\n    _loop.run_until_complete(task)\n  File \"/usr/lib/python3.10/asyncio/base_events.py\", line 649, in run_until_complete\n    return future.result()\n  File \"/home/runner/work/test-runners-github-postgresql-operator/test-runners-github-postgresql-operator/tests/integration/test_charm.py\", line 291, in test_persist_data_through_primary_deletion\n    for attempt in Retrying(stop=stop_after_attempt(3), wait=wait_fixed(5), reraise=True):\n  File \"/home/runner/work/test-runners-github-postgresql-operator/test-runners-github-postgresql-operator/.tox/integration/lib/python3.10/site-packages/tenacity/__init__.py\", line 347, in __iter__\n    do = self.iter(retry_state=retry_state)\n  File \"/home/runner/work/test-runners-github-postgresql-operator/test-runners-github-postgresql-operator/.tox/integration/lib/python3.10/site-packages/tenacity/__init__.py\", line 325, in iter\n    raise retry_exc.reraise()\n  File \"/home/runner/work/test-runners-github-postgresql-operator/test-runners-github-postgresql-operator/.tox/integration/lib/python3.10/site-packages/tenacity/__init__.py\", line 158, in reraise\n    raise self.last_attempt.result()\n  File \"/usr/lib/python3.10/concurrent/futures/_base.py\", line 451, in result\n    return self.__get_result()\n  File \"/usr/lib/python3.10/concurrent/futures/_base.py\", line 403, in __get_result\n    raise self._exception\n  File \"/home/runner/work/test-runners-github-postgresql-operator/test-runners-github-postgresql-operator/tests/integration/test_charm.py\", line 294, in test_persist_data_through_primary_deletion\n    password = await get_password(ops_test, primary)\n  File \"/home/runner/work/test-runners-github-postgresql-operator/test-runners-github-postgresql-operator/tests/integration/helpers.py\", line 610, in get_password\n    action = await unit.run_action(\"get-password\", **{\"username\": username})\nAttributeError: 'NoneType' object has no attribute 'run_action'","flaky":false,"newFailed":false,"newBroken":true,"newPassed":false,"retriesCount":0,"retriesStatusChange":false,"beforeStages":[{"name":"event_loop","time":{"start":1717205465488,"stop":1717205465488,"duration":0},"status":"passed","steps":[],"attachments":[],"parameters":[],"stepsCount":0,"shouldDisplayMessage":false,"attachmentsCount":0,"hasContent":false,"attachmentStep":false},{"name":"ops_test","time":{"start":1717205465489,"stop":1717205465624,"duration":135},"status":"passed","steps":[],"attachments":[],"parameters":[],"stepsCount":0,"shouldDisplayMessage":false,"attachmentsCount":0,"hasContent":false,"attachmentStep":false},{"name":"tmp_path_factory","time":{"start":1717205465489,"stop":1717205465489,"duration":0},"status":"passed","steps":[],"attachments":[],"parameters":[],"stepsCount":0,"shouldDisplayMessage":false,"attachmentsCount":0,"hasContent":false,"attachmentStep":false},{"name":"abort_on_fail","time":{"start":1717207709244,"stop":1717207709244,"duration":0},"status":"passed","steps":[],"attachments":[],"parameters":[],"stepsCount":0,"shouldDisplayMessage":false,"attachmentsCount":0,"hasContent":false,"attachmentStep":false}],"testStage":{"description":"Test data persists through a primary deletion.","status":"broken","statusMessage":"AttributeError: 'NoneType' object has no attribute 'run_action'","statusTrace":"Traceback (most recent call last):\n  File \"/home/runner/work/test-runners-github-postgresql-operator/test-runners-github-postgresql-operator/.tox/integration/lib/python3.10/site-packages/_pytest/runner.py\", line 340, in from_call\n    result: Optional[TResult] = func()\n  File \"/home/runner/work/test-runners-github-postgresql-operator/test-runners-github-postgresql-operator/.tox/integration/lib/python3.10/site-packages/_pytest/runner.py\", line 240, in <lambda>\n    lambda: runtest_hook(item=item, **kwds), when=when, reraise=reraise\n  File \"/home/runner/work/test-runners-github-postgresql-operator/test-runners-github-postgresql-operator/.tox/integration/lib/python3.10/site-packages/pluggy/_hooks.py\", line 501, in __call__\n    return self._hookexec(self.name, self._hookimpls.copy(), kwargs, firstresult)\n  File \"/home/runner/work/test-runners-github-postgresql-operator/test-runners-github-postgresql-operator/.tox/integration/lib/python3.10/site-packages/pluggy/_manager.py\", line 119, in _hookexec\n    return self._inner_hookexec(hook_name, methods, kwargs, firstresult)\n  File \"/home/runner/work/test-runners-github-postgresql-operator/test-runners-github-postgresql-operator/.tox/integration/lib/python3.10/site-packages/pluggy/_callers.py\", line 181, in _multicall\n    return outcome.get_result()\n  File \"/home/runner/work/test-runners-github-postgresql-operator/test-runners-github-postgresql-operator/.tox/integration/lib/python3.10/site-packages/pluggy/_result.py\", line 99, in get_result\n    raise exc.with_traceback(exc.__traceback__)\n  File \"/home/runner/work/test-runners-github-postgresql-operator/test-runners-github-postgresql-operator/.tox/integration/lib/python3.10/site-packages/pluggy/_callers.py\", line 166, in _multicall\n    teardown.throw(outcome._exception)\n  File \"/home/runner/work/test-runners-github-postgresql-operator/test-runners-github-postgresql-operator/.tox/integration/lib/python3.10/site-packages/_pytest/threadexception.py\", line 87, in pytest_runtest_call\n    yield from thread_exception_runtest_hook()\n  File \"/home/runner/work/test-runners-github-postgresql-operator/test-runners-github-postgresql-operator/.tox/integration/lib/python3.10/site-packages/_pytest/threadexception.py\", line 63, in thread_exception_runtest_hook\n    yield\n  File \"/home/runner/work/test-runners-github-postgresql-operator/test-runners-github-postgresql-operator/.tox/integration/lib/python3.10/site-packages/pluggy/_callers.py\", line 166, in _multicall\n    teardown.throw(outcome._exception)\n  File \"/home/runner/work/test-runners-github-postgresql-operator/test-runners-github-postgresql-operator/.tox/integration/lib/python3.10/site-packages/_pytest/unraisableexception.py\", line 90, in pytest_runtest_call\n    yield from unraisable_exception_runtest_hook()\n  File \"/home/runner/work/test-runners-github-postgresql-operator/test-runners-github-postgresql-operator/.tox/integration/lib/python3.10/site-packages/_pytest/unraisableexception.py\", line 65, in unraisable_exception_runtest_hook\n    yield\n  File \"/home/runner/work/test-runners-github-postgresql-operator/test-runners-github-postgresql-operator/.tox/integration/lib/python3.10/site-packages/pluggy/_callers.py\", line 166, in _multicall\n    teardown.throw(outcome._exception)\n  File \"/home/runner/work/test-runners-github-postgresql-operator/test-runners-github-postgresql-operator/.tox/integration/lib/python3.10/site-packages/_pytest/logging.py\", line 849, in pytest_runtest_call\n    yield from self._runtest_for(item, \"call\")\n  File \"/home/runner/work/test-runners-github-postgresql-operator/test-runners-github-postgresql-operator/.tox/integration/lib/python3.10/site-packages/_pytest/logging.py\", line 832, in _runtest_for\n    yield\n  File \"/home/runner/work/test-runners-github-postgresql-operator/test-runners-github-postgresql-operator/.tox/integration/lib/python3.10/site-packages/pluggy/_callers.py\", line 166, in _multicall\n    teardown.throw(outcome._exception)\n  File \"/home/runner/work/test-runners-github-postgresql-operator/test-runners-github-postgresql-operator/.tox/integration/lib/python3.10/site-packages/_pytest/capture.py\", line 883, in pytest_runtest_call\n    return (yield)\n  File \"/home/runner/work/test-runners-github-postgresql-operator/test-runners-github-postgresql-operator/.tox/integration/lib/python3.10/site-packages/pluggy/_callers.py\", line 166, in _multicall\n    teardown.throw(outcome._exception)\n  File \"/home/runner/work/test-runners-github-postgresql-operator/test-runners-github-postgresql-operator/.tox/integration/lib/python3.10/site-packages/_pytest/skipping.py\", line 256, in pytest_runtest_call\n    return (yield)\n  File \"/home/runner/work/test-runners-github-postgresql-operator/test-runners-github-postgresql-operator/.tox/integration/lib/python3.10/site-packages/pluggy/_callers.py\", line 102, in _multicall\n    res = hook_impl.function(*args)\n  File \"/home/runner/work/test-runners-github-postgresql-operator/test-runners-github-postgresql-operator/.tox/integration/lib/python3.10/site-packages/_pytest/runner.py\", line 182, in pytest_runtest_call\n    raise e\n  File \"/home/runner/work/test-runners-github-postgresql-operator/test-runners-github-postgresql-operator/.tox/integration/lib/python3.10/site-packages/_pytest/runner.py\", line 172, in pytest_runtest_call\n    item.runtest()\n  File \"/home/runner/work/test-runners-github-postgresql-operator/test-runners-github-postgresql-operator/.tox/integration/lib/python3.10/site-packages/_pytest/python.py\", line 1772, in runtest\n    self.ihook.pytest_pyfunc_call(pyfuncitem=self)\n  File \"/home/runner/work/test-runners-github-postgresql-operator/test-runners-github-postgresql-operator/.tox/integration/lib/python3.10/site-packages/pluggy/_hooks.py\", line 501, in __call__\n    return self._hookexec(self.name, self._hookimpls.copy(), kwargs, firstresult)\n  File \"/home/runner/work/test-runners-github-postgresql-operator/test-runners-github-postgresql-operator/.tox/integration/lib/python3.10/site-packages/pluggy/_manager.py\", line 119, in _hookexec\n    return self._inner_hookexec(hook_name, methods, kwargs, firstresult)\n  File \"/home/runner/work/test-runners-github-postgresql-operator/test-runners-github-postgresql-operator/.tox/integration/lib/python3.10/site-packages/pluggy/_callers.py\", line 181, in _multicall\n    return outcome.get_result()\n  File \"/home/runner/work/test-runners-github-postgresql-operator/test-runners-github-postgresql-operator/.tox/integration/lib/python3.10/site-packages/pluggy/_result.py\", line 99, in get_result\n    raise exc.with_traceback(exc.__traceback__)\n  File \"/home/runner/work/test-runners-github-postgresql-operator/test-runners-github-postgresql-operator/.tox/integration/lib/python3.10/site-packages/pluggy/_callers.py\", line 102, in _multicall\n    res = hook_impl.function(*args)\n  File \"/home/runner/work/test-runners-github-postgresql-operator/test-runners-github-postgresql-operator/.tox/integration/lib/python3.10/site-packages/_pytest/python.py\", line 195, in pytest_pyfunc_call\n    result = testfunction(**testargs)\n  File \"/home/runner/work/test-runners-github-postgresql-operator/test-runners-github-postgresql-operator/.tox/integration/lib/python3.10/site-packages/pytest_asyncio/plugin.py\", line 532, in inner\n    _loop.run_until_complete(task)\n  File \"/usr/lib/python3.10/asyncio/base_events.py\", line 649, in run_until_complete\n    return future.result()\n  File \"/home/runner/work/test-runners-github-postgresql-operator/test-runners-github-postgresql-operator/tests/integration/test_charm.py\", line 291, in test_persist_data_through_primary_deletion\n    for attempt in Retrying(stop=stop_after_attempt(3), wait=wait_fixed(5), reraise=True):\n  File \"/home/runner/work/test-runners-github-postgresql-operator/test-runners-github-postgresql-operator/.tox/integration/lib/python3.10/site-packages/tenacity/__init__.py\", line 347, in __iter__\n    do = self.iter(retry_state=retry_state)\n  File \"/home/runner/work/test-runners-github-postgresql-operator/test-runners-github-postgresql-operator/.tox/integration/lib/python3.10/site-packages/tenacity/__init__.py\", line 325, in iter\n    raise retry_exc.reraise()\n  File \"/home/runner/work/test-runners-github-postgresql-operator/test-runners-github-postgresql-operator/.tox/integration/lib/python3.10/site-packages/tenacity/__init__.py\", line 158, in reraise\n    raise self.last_attempt.result()\n  File \"/usr/lib/python3.10/concurrent/futures/_base.py\", line 451, in result\n    return self.__get_result()\n  File \"/usr/lib/python3.10/concurrent/futures/_base.py\", line 403, in __get_result\n    raise self._exception\n  File \"/home/runner/work/test-runners-github-postgresql-operator/test-runners-github-postgresql-operator/tests/integration/test_charm.py\", line 294, in test_persist_data_through_primary_deletion\n    password = await get_password(ops_test, primary)\n  File \"/home/runner/work/test-runners-github-postgresql-operator/test-runners-github-postgresql-operator/tests/integration/helpers.py\", line 610, in get_password\n    action = await unit.run_action(\"get-password\", **{\"username\": username})\nAttributeError: 'NoneType' object has no attribute 'run_action'","steps":[],"attachments":[{"uid":"79bd369f78ac906b","name":"log","source":"79bd369f78ac906b.txt","type":"text/plain","size":8639}],"parameters":[],"stepsCount":0,"shouldDisplayMessage":true,"attachmentsCount":1,"hasContent":true,"attachmentStep":false},"afterStages":[{"name":"ops_test::finalizer","time":{"start":1717207723387,"stop":1717207723730,"duration":343},"status":"passed","steps":[],"attachments":[],"parameters":[],"stepsCount":0,"shouldDisplayMessage":false,"attachmentsCount":0,"hasContent":false,"attachmentStep":false},{"name":"abort_on_fail::0","time":{"start":1717207723387,"stop":1717207723387,"duration":0},"status":"passed","steps":[],"attachments":[],"parameters":[],"stepsCount":0,"shouldDisplayMessage":false,"attachmentsCount":0,"hasContent":false,"attachmentStep":false},{"name":"event_loop::2","time":{"start":1717207723731,"stop":1717207723731,"duration":0},"status":"passed","steps":[],"attachments":[],"parameters":[],"stepsCount":0,"shouldDisplayMessage":false,"attachmentsCount":0,"hasContent":false,"attachmentStep":false},{"name":"event_loop::_close_event_loop","time":{"start":1717207723731,"stop":1717207723731,"duration":0},"status":"passed","steps":[],"attachments":[],"parameters":[],"stepsCount":0,"shouldDisplayMessage":false,"attachmentsCount":0,"hasContent":false,"attachmentStep":false},{"name":"event_loop::_provide_clean_event_loop","time":{"start":1717207723731,"stop":1717207723731,"duration":0},"status":"passed","steps":[],"attachments":[],"parameters":[],"stepsCount":0,"shouldDisplayMessage":false,"attachmentsCount":0,"hasContent":false,"attachmentStep":false}],"labels":[{"name":"tag","value":"group(1)"},{"name":"tag","value":"asyncio"},{"name":"parentSuite","value":"tests.integration"},{"name":"suite","value":"test_charm"},{"name":"host","value":"fv-az2031-542"},{"name":"thread","value":"8654-MainThread"},{"name":"framework","value":"pytest"},{"name":"language","value":"cpython3"},{"name":"package","value":"tests.integration.test_charm"},{"name":"resultFormat","value":"allure2"}],"parameters":[],"links":[],"hidden":false,"retry":false,"extra":{"severity":"normal","retries":[],"categories":[{"name":"Test defects","matchedStatuses":[],"flaky":false}],"history":{"statistic":{"failed":0,"broken":9,"skipped":0,"passed":39,"unknown":0,"total":48},"items":[{"uid":"614d25750952466a","reportUrl":"../66//#testresult/614d25750952466a","status":"passed","time":{"start":1717120950277,"stop":1717121317954,"duration":367677}},{"uid":"23a797549077b868","reportUrl":"../62//#testresult/23a797549077b868","status":"passed","time":{"start":1716861724688,"stop":1716861987563,"duration":262875}},{"uid":"e9da074543820c5e","reportUrl":"../61//#testresult/e9da074543820c5e","status":"passed","time":{"start":1716775334183,"stop":1716775694557,"duration":360374}},{"uid":"35672a5b1da652c9","reportUrl":"../60//#testresult/35672a5b1da652c9","status":"passed","time":{"start":1716688866931,"stop":1716689158716,"duration":291785}},{"uid":"3ce0b65a5c3e0872","reportUrl":"../59//#testresult/3ce0b65a5c3e0872","status":"passed","time":{"start":1716602870431,"stop":1716603196862,"duration":326431}},{"uid":"c9d75a71d2c0950f","reportUrl":"../58//#testresult/c9d75a71d2c0950f","status":"passed","time":{"start":1716515980377,"stop":1716516311195,"duration":330818}},{"uid":"e5336565f85b3d63","reportUrl":"../57//#testresult/e5336565f85b3d63","status":"passed","time":{"start":1716430063076,"stop":1716430382005,"duration":318929}},{"uid":"cdd77e477fc954b","reportUrl":"../56//#testresult/cdd77e477fc954b","status":"passed","time":{"start":1716343474649,"stop":1716343819919,"duration":345270}},{"uid":"8f2d1bab65ee32b","reportUrl":"../53//#testresult/8f2d1bab65ee32b","status":"passed","time":{"start":1716256777100,"stop":1716257147845,"duration":370745}},{"uid":"166e2055657a48c5","reportUrl":"../52//#testresult/166e2055657a48c5","status":"passed","time":{"start":1716170827644,"stop":1716171101889,"duration":274245}},{"uid":"c29c92d7f84dc702","reportUrl":"../51//#testresult/c29c92d7f84dc702","status":"broken","statusDetails":"AttributeError: 'NoneType' object has no attribute 'run_action'","time":{"start":1716084184885,"stop":1716084197961,"duration":13076}},{"uid":"7fb58e5b133d45dc","reportUrl":"../49//#testresult/7fb58e5b133d45dc","status":"passed","time":{"start":1715911414866,"stop":1715911742150,"duration":327284}},{"uid":"a7220457e31037f6","reportUrl":"../48//#testresult/a7220457e31037f6","status":"passed","time":{"start":1715824806518,"stop":1715825138387,"duration":331869}},{"uid":"6d552869c370e247","reportUrl":"../47//#testresult/6d552869c370e247","status":"passed","time":{"start":1715738261284,"stop":1715738538218,"duration":276934}},{"uid":"69d3f7f2db935437","reportUrl":"../46//#testresult/69d3f7f2db935437","status":"passed","time":{"start":1715652159511,"stop":1715652449561,"duration":290050}},{"uid":"bc2b047b57a458b8","reportUrl":"../45//#testresult/bc2b047b57a458b8","status":"passed","time":{"start":1715565637188,"stop":1715565963148,"duration":325960}},{"uid":"be12f56132c0a260","reportUrl":"../44//#testresult/be12f56132c0a260","status":"passed","time":{"start":1715479259817,"stop":1715479636530,"duration":376713}},{"uid":"30f483dad61b8bae","reportUrl":"../42//#testresult/30f483dad61b8bae","status":"passed","time":{"start":1715393783598,"stop":1715394084505,"duration":300907}},{"uid":"164f6c301696145a","reportUrl":"../41//#testresult/164f6c301696145a","status":"passed","time":{"start":1715306123653,"stop":1715306432327,"duration":308674}},{"uid":"59e5dc1a7ed69987","reportUrl":"../40//#testresult/59e5dc1a7ed69987","status":"passed","time":{"start":1715220045634,"stop":1715220350431,"duration":304797}}]},"tags":["asyncio","group(1)"]},"source":"1cc5f10ff5dea902.json","parameterValues":[]}