[32mINFO    [0m integration.test_backups:test_backups.py:379 configuring S3 integrator for an invalid cloud
[32mINFO    [0m juju.model:model.py:2958 Waiting for model:
  s3-integrator/0 [idle] active: 
[32mINFO    [0m juju.model:model.py:2958 Waiting for model:
  postgresql-gcp/0 [allocating] waiting: waiting for machine
[32mINFO    [0m integration.test_backups:test_backups.py:394 waiting for the database charm to become blocked
[32mINFO    [0m juju.model:model.py:2958 Waiting for model:
  s3-integrator/0 [executing] active: 
[32mINFO    [0m juju.model:model.py:2958 Waiting for model:
  new-postgresql/0 [allocating] waiting: waiting for machine
[32mINFO    [0m juju.model:model.py:2958 Waiting for model:
  postgresql-gcp/0 [allocating] waiting: waiting for machine
[32mINFO    [0m juju.model:model.py:2958 Waiting for model:
  new-postgresql/0 [allocating] waiting: waiting for machine
[32mINFO    [0m juju.model:model.py:2958 Waiting for model:
  postgresql-gcp/0 [allocating] waiting: waiting for machine
[32mINFO    [0m juju.model:model.py:2958 Waiting for model:
  new-postgresql/0 [allocating] waiting: waiting for machine
[32mINFO    [0m juju.model:model.py:2958 Waiting for model:
  postgresql-gcp/0 [allocating] waiting: waiting for machine
[32mINFO    [0m juju.model:model.py:2958 Waiting for model:
  new-postgresql/0 [executing] maintenance: installing PostgreSQL
[32mINFO    [0m juju.model:model.py:2958 Waiting for model:
  postgresql-gcp/0 [allocating] waiting: waiting for machine
[32mINFO    [0m juju.model:model.py:2958 Waiting for model:
  new-postgresql/0 [executing] waiting: waiting to start PostgreSQL
[32mINFO    [0m juju.model:model.py:2958 Waiting for model:
  postgresql-gcp/0 [executing] maintenance: installing PostgreSQL
[32mINFO    [0m juju.model:model.py:2958 Waiting for model:
  new-postgresql/0 [executing] waiting: waiting to start PostgreSQL
[32mINFO    [0m juju.model:model.py:2958 Waiting for model:
  postgresql-gcp/0 [executing] waiting: waiting to start PostgreSQL
[32mINFO    [0m juju.model:model.py:2958 Waiting for model:
  new-postgresql/0 [executing] waiting: waiting to start PostgreSQL
[32mINFO    [0m juju.model:model.py:2958 Waiting for model:
  postgresql-gcp/0 [executing] waiting: waiting to start PostgreSQL
[32mINFO    [0m juju.model:model.py:2958 Waiting for model:
  new-postgresql/0 [executing] waiting: waiting to start PostgreSQL
[32mINFO    [0m juju.model:model.py:2958 Waiting for model:
  postgresql-gcp/0 [executing] waiting: waiting to start PostgreSQL
[32mINFO    [0m juju.model:model.py:2958 Waiting for model:
  new-postgresql/0 [executing] blocked: failed to access/create the bucket, check your S3 settings
[32mINFO    [0m juju.model:model.py:2958 Waiting for model:
  postgresql-gcp/0 [executing] waiting: waiting to start PostgreSQL
[32mINFO    [0m juju.model:model.py:2958 Waiting for model:
  new-postgresql/0 [idle] blocked: failed to access/create the bucket, check your S3 settings
[32mINFO    [0m integration.test_backups:test_backups.py:404 configuring S3 integrator for a valid cloud, but with the path of another cluster repository
[32mINFO    [0m integration.test_backups:test_backups.py:413 waiting for the database charm to become blocked
[32mINFO    [0m juju.model:model.py:2958 Waiting for model:
  new-postgresql/0 [executing] blocked: failed to access/create the bucket, check your S3 settings
[32mINFO    [0m juju.model:model.py:2958 Waiting for model:
  s3-integrator/0 [executing] active: 
[32mINFO    [0m juju.model:model.py:2958 Waiting for model:
  postgresql-gcp/0 [executing] waiting: awaiting for member to start
[32mINFO    [0m juju.model:model.py:2958 Waiting for model:
  new-postgresql/0 [idle] blocked: the S3 repository has backups from another cluster
[32mINFO    [0m integration.test_backups:test_backups.py:423 configuring S3 integrator for a valid cloud
[32mINFO    [0m integration.test_backups:test_backups.py:427 waiting for the database charm to become active
[32mINFO    [0m juju.model:model.py:2958 Waiting for model:
  new-postgresql/0 [idle] blocked: the S3 repository has backups from another cluster
  s3-integrator/0 [executing] active: 
[32mINFO    [0m juju.model:model.py:2958 Waiting for model:
  postgresql-gcp/0 [executing] blocked: the S3 repository has backups from another cluster
[32mINFO    [0m juju.model:model.py:2958 Waiting for model:
  new-postgresql/0 [executing] maintenance: initialising stanza
[32mINFO    [0m juju.model:model.py:2958 Waiting for model:
  postgresql-gcp/0 [executing] blocked: the S3 repository has backups from another cluster
[32mINFO    [0m juju.model:model.py:2958 Waiting for model:
  new-postgresql/0 [idle] active: Primary
[32mINFO    [0m integration.test_backups:test_backups.py:67 deleting the previously created backups
[32mINFO    [0m juju.model:model.py:2958 Waiting for model:
  postgresql-gcp/0 [idle] blocked: the S3 repository has backups from another cluster
[32mINFO    [0m pytest_operator.plugin:plugin.py:834 Model status:

Model  Controller           Cloud/Region         Version  SLA          Timestamp
test   localhost-localhost  localhost/localhost  3.1.7    unsupported  02:08:36Z

App             Version  Status   Scale  Charm          Channel        Rev  Exposed  Message
new-postgresql  14.11    active       1  postgresql                      1  no       Primary
postgresql-gcp  14.11    blocked      1  postgresql                      0  no       the S3 repository has backups from another cluster
s3-integrator            active       1  s3-integrator  latest/stable   17  no       

Unit               Workload  Agent  Machine  Public address  Ports     Message
new-postgresql/0*  active    idle   6        10.93.140.247   5432/tcp  Primary
postgresql-gcp/0*  blocked   idle   5        10.93.140.206   5432/tcp  the S3 repository has backups from another cluster
s3-integrator/0*   active    idle   0        10.93.140.116             

Machine  State    Address        Inst id        Base          AZ  Message
0        started  10.93.140.116  juju-15f123-0  ubuntu@22.04      Running
5        started  10.93.140.206  juju-15f123-5  ubuntu@22.04      Running
6        started  10.93.140.247  juju-15f123-6  ubuntu@22.04      Running

[32mINFO    [0m pytest_operator.plugin:plugin.py:840 Juju error logs:

machine-0: 01:29:27 ERROR juju.worker.dependency "kvm-container-provisioner" manifold worker returned unexpected error: container types not yet available
machine-0: 01:29:27 ERROR juju.worker.dependency "broker-tracker" manifold worker returned unexpected error: no container types determined
machine-0: 01:29:27 ERROR juju.worker.dependency "lxd-container-provisioner" manifold worker returned unexpected error: container types not yet available
unit-s3-integrator-0: 01:29:27 ERROR juju.worker.meterstatus error running "meter-status-changed": charm missing from disk
machine-1: 01:29:30 ERROR juju.worker.dependency "broker-tracker" manifold worker returned unexpected error: no container types determined
machine-1: 01:29:30 ERROR juju.worker.dependency "kvm-container-provisioner" manifold worker returned unexpected error: container types not yet available
machine-1: 01:29:30 ERROR juju.worker.dependency "lxd-container-provisioner" manifold worker returned unexpected error: container types not yet available
unit-self-signed-certificates-0: 01:29:30 ERROR juju.worker.meterstatus error running "meter-status-changed": charm missing from disk
machine-3: 01:29:44 ERROR juju.worker.dependency "kvm-container-provisioner" manifold worker returned unexpected error: container types not yet available
machine-3: 01:29:44 ERROR juju.worker.dependency "broker-tracker" manifold worker returned unexpected error: no container types determined
machine-3: 01:29:44 ERROR juju.worker.dependency "lxd-container-provisioner" manifold worker returned unexpected error: container types not yet available
unit-postgresql-aws-1: 01:29:44 ERROR juju.worker.meterstatus error running "meter-status-changed": charm missing from disk
machine-2: 01:29:45 ERROR juju.worker.dependency "broker-tracker" manifold worker returned unexpected error: no container types determined
machine-2: 01:29:45 ERROR juju.worker.dependency "kvm-container-provisioner" manifold worker returned unexpected error: container types not yet available
machine-2: 01:29:45 ERROR juju.worker.dependency "lxd-container-provisioner" manifold worker returned unexpected error: container types not yet available
unit-postgresql-aws-0: 01:29:45 ERROR juju.worker.meterstatus error running "meter-status-changed": charm missing from disk
unit-postgresql-aws-1: 01:32:33 ERROR unit.postgresql-aws/1.juju-log upgrade:3: Failed to list PostgreSQL database users: could not translate host name "None" to address: Temporary failure in name resolution

unit-postgresql-aws-1: 01:45:14 ERROR unit.postgresql-aws/1.juju-log database-peers:1: RetryError[<Future at 0x7f71e4c86e90 state=finished raised Exception>]
Traceback (most recent call last):
  File "/var/lib/juju/agents/unit-postgresql-aws-1/charm/src/backups.py", line 447, in check_stanza
    raise Exception(stderr)
Exception: WARN: unable to check pg2: [HostConnectError] unable to connect to '10.93.140.120:8432': [111] Connection refused
          [HostConnectError] on 12 retries from 100-60000ms: unable to connect to '10.93.140.120:8432': [111] Connection refused
ERROR: [049]: unable to connect to '10.93.140.120:8432': [111] Connection refused
           [HostConnectError] on 12 retries from 101-60000ms: unable to connect to '10.93.140.120:8432': [111] Connection refused


The above exception was the direct cause of the following exception:

Traceback (most recent call last):
  File "/var/lib/juju/agents/unit-postgresql-aws-1/charm/src/backups.py", line 436, in check_stanza
    for attempt in Retrying(stop=stop_after_attempt(5), wait=wait_fixed(3)):
  File "/var/lib/juju/agents/unit-postgresql-aws-1/charm/venv/tenacity/__init__.py", line 347, in __iter__
    do = self.iter(retry_state=retry_state)
  File "/var/lib/juju/agents/unit-postgresql-aws-1/charm/venv/tenacity/__init__.py", line 326, in iter
    raise retry_exc from fut.exception()
tenacity.RetryError: RetryError[<Future at 0x7f71e4c86e90 state=finished raised Exception>]
unit-postgresql-aws-0: 01:51:40 ERROR unit.postgresql-aws/0.juju-log certificates:5: Non-existing secret cauth was attempted to be removed.
unit-postgresql-aws-0: 01:51:40 ERROR unit.postgresql-aws/0.juju-log certificates:5: Can't update secret for relation 1
unit-postgresql-aws-0: 01:51:40 ERROR unit.postgresql-aws/0.juju-log certificates:5: Non-existing field 'cauth' was attempted to be removed from the databag (relation ID: 1)
unit-postgresql-aws-0: 01:51:40 ERROR unit.postgresql-aws/0.juju-log certificates:5: Non-existing secret cert was attempted to be removed.
unit-postgresql-aws-0: 01:51:40 ERROR unit.postgresql-aws/0.juju-log certificates:5: Can't update secret for relation 1
unit-postgresql-aws-0: 01:51:40 ERROR unit.postgresql-aws/0.juju-log certificates:5: Non-existing field 'cert' was attempted to be removed from the databag (relation ID: 1)
unit-postgresql-aws-0: 01:51:40 ERROR unit.postgresql-aws/0.juju-log certificates:5: Non-existing secret chain was attempted to be removed.
unit-postgresql-aws-0: 01:51:40 ERROR unit.postgresql-aws/0.juju-log certificates:5: Can't update secret for relation 1
unit-postgresql-aws-0: 01:51:40 ERROR unit.postgresql-aws/0.juju-log certificates:5: Non-existing field 'chain' was attempted to be removed from the databag (relation ID: 1)
machine-4: 01:56:57 ERROR juju.worker.dependency "kvm-container-provisioner" manifold worker returned unexpected error: container types not yet available
machine-4: 01:56:57 ERROR juju.worker.dependency "lxd-container-provisioner" manifold worker returned unexpected error: container types not yet available
machine-4: 01:56:57 ERROR juju.worker.dependency "broker-tracker" manifold worker returned unexpected error: no container types determined
unit-postgresql-aws-2: 01:56:57 ERROR juju.worker.meterstatus error running "meter-status-changed": charm missing from disk
machine-6: 02:03:08 ERROR juju.worker.dependency "kvm-container-provisioner" manifold worker returned unexpected error: container types not yet available
machine-6: 02:03:08 ERROR juju.worker.dependency "lxd-container-provisioner" manifold worker returned unexpected error: container types not yet available
machine-6: 02:03:08 ERROR juju.worker.dependency "broker-tracker" manifold worker returned unexpected error: no container types determined
unit-new-postgresql-0: 02:03:08 ERROR juju.worker.meterstatus error running "meter-status-changed": charm missing from disk
machine-5: 02:04:10 ERROR juju.worker.dependency "broker-tracker" manifold worker returned unexpected error: no container types determined
machine-5: 02:04:10 ERROR juju.worker.dependency "lxd-container-provisioner" manifold worker returned unexpected error: container types not yet available
machine-5: 02:04:10 ERROR juju.worker.dependency "kvm-container-provisioner" manifold worker returned unexpected error: container types not yet available
unit-postgresql-gcp-0: 02:04:10 ERROR juju.worker.meterstatus error running "meter-status-changed": charm missing from disk
unit-new-postgresql-0: 02:05:48 ERROR unit.new-postgresql/0.juju-log s3-parameters:13: Failed to create a session 'bucket' in region=region.
Traceback (most recent call last):
  File "/var/lib/juju/agents/unit-new-postgresql-0/charm/src/backups.py", line 220, in _create_bucket_if_not_exists
    s3 = session.resource("s3", endpoint_url=self._construct_endpoint(s3_parameters))
  File "/var/lib/juju/agents/unit-new-postgresql-0/charm/venv/boto3/session.py", line 446, in resource
    client = self.client(
  File "/var/lib/juju/agents/unit-new-postgresql-0/charm/venv/boto3/session.py", line 299, in client
    return self._session.create_client(
  File "/var/lib/juju/agents/unit-new-postgresql-0/charm/venv/botocore/session.py", line 997, in create_client
    client = client_creator.create_client(
  File "/var/lib/juju/agents/unit-new-postgresql-0/charm/venv/botocore/client.py", line 161, in create_client
    client_args = self._get_client_args(
  File "/var/lib/juju/agents/unit-new-postgresql-0/charm/venv/botocore/client.py", line 520, in _get_client_args
    return args_creator.get_client_args(
  File "/var/lib/juju/agents/unit-new-postgresql-0/charm/venv/botocore/args.py", line 137, in get_client_args
    endpoint = endpoint_creator.create_endpoint(
  File "/var/lib/juju/agents/unit-new-postgresql-0/charm/venv/botocore/endpoint.py", line 402, in create_endpoint
    raise ValueError("Invalid endpoint: %s" % endpoint_url)
ValueError: Invalid endpoint: endpoint
unit-new-postgresql-0: 02:05:48 ERROR unit.new-postgresql/0.juju-log s3-parameters:13: Failed to create a session 'bucket' in region=region.
Traceback (most recent call last):
  File "/var/lib/juju/agents/unit-new-postgresql-0/charm/src/backups.py", line 220, in _create_bucket_if_not_exists
    s3 = session.resource("s3", endpoint_url=self._construct_endpoint(s3_parameters))
  File "/var/lib/juju/agents/unit-new-postgresql-0/charm/venv/boto3/session.py", line 446, in resource
    client = self.client(
  File "/var/lib/juju/agents/unit-new-postgresql-0/charm/venv/boto3/session.py", line 299, in client
    return self._session.create_client(
  File "/var/lib/juju/agents/unit-new-postgresql-0/charm/venv/botocore/session.py", line 997, in create_client
    client = client_creator.create_client(
  File "/var/lib/juju/agents/unit-new-postgresql-0/charm/venv/botocore/client.py", line 161, in create_client
    client_args = self._get_client_args(
  File "/var/lib/juju/agents/unit-new-postgresql-0/charm/venv/botocore/client.py", line 520, in _get_client_args
    return args_creator.get_client_args(
  File "/var/lib/juju/agents/unit-new-postgresql-0/charm/venv/botocore/args.py", line 137, in get_client_args
    endpoint = endpoint_creator.create_endpoint(
  File "/var/lib/juju/agents/unit-new-postgresql-0/charm/venv/botocore/endpoint.py", line 402, in create_endpoint
    raise ValueError("Invalid endpoint: %s" % endpoint_url)
ValueError: Invalid endpoint: endpoint
unit-new-postgresql-0: 02:06:03 ERROR unit.new-postgresql/0.juju-log s3-parameters:13: Failed to create a session 'bucket' in region=region.
Traceback (most recent call last):
  File "/var/lib/juju/agents/unit-new-postgresql-0/charm/src/backups.py", line 220, in _create_bucket_if_not_exists
    s3 = session.resource("s3", endpoint_url=self._construct_endpoint(s3_parameters))
  File "/var/lib/juju/agents/unit-new-postgresql-0/charm/venv/boto3/session.py", line 446, in resource
    client = self.client(
  File "/var/lib/juju/agents/unit-new-postgresql-0/charm/venv/boto3/session.py", line 299, in client
    return self._session.create_client(
  File "/var/lib/juju/agents/unit-new-postgresql-0/charm/venv/botocore/session.py", line 997, in create_client
    client = client_creator.create_client(
  File "/var/lib/juju/agents/unit-new-postgresql-0/charm/venv/botocore/client.py", line 161, in create_client
    client_args = self._get_client_args(
  File "/var/lib/juju/agents/unit-new-postgresql-0/charm/venv/botocore/client.py", line 520, in _get_client_args
    return args_creator.get_client_args(
  File "/var/lib/juju/agents/unit-new-postgresql-0/charm/venv/botocore/args.py", line 137, in get_client_args
    endpoint = endpoint_creator.create_endpoint(
  File "/var/lib/juju/agents/unit-new-postgresql-0/charm/venv/botocore/endpoint.py", line 402, in create_endpoint
    raise ValueError("Invalid endpoint: %s" % endpoint_url)
ValueError: Invalid endpoint: endpoint
unit-new-postgresql-0: 02:06:36 ERROR unit.new-postgresql/0.juju-log s3-parameters:13: Couldn't create bucket named 'data-charms-testing' in region=us-east-1.
Traceback (most recent call last):
  File "/var/lib/juju/agents/unit-new-postgresql-0/charm/src/backups.py", line 242, in _create_bucket_if_not_exists
    bucket.create(CreateBucketConfiguration={"LocationConstraint": region})
  File "/var/lib/juju/agents/unit-new-postgresql-0/charm/venv/boto3/resources/factory.py", line 581, in do_action
    response = action(self, *args, **kwargs)
  File "/var/lib/juju/agents/unit-new-postgresql-0/charm/venv/boto3/resources/action.py", line 88, in __call__
    response = getattr(parent.meta.client, operation_name)(*args, **params)
  File "/var/lib/juju/agents/unit-new-postgresql-0/charm/venv/botocore/client.py", line 565, in _api_call
    return self._make_api_call(operation_name, kwargs)
  File "/var/lib/juju/agents/unit-new-postgresql-0/charm/venv/botocore/client.py", line 1021, in _make_api_call
    raise error_class(parsed_response, operation_name)
botocore.exceptions.ClientError: An error occurred (InvalidAccessKeyId) when calling the CreateBucket operation: The AWS Access Key Id you provided does not exist in our records.

[32mINFO    [0m pytest_operator.plugin:plugin.py:904 Forgetting main...